0x102878000 - 0x1028d4000 WeMeetApp arm64 <2f8209bfa2153311b9c3696e683b2646> /private/var/containers/Bundle/Application/0F59523E-4D7C-44B5-8D15-103144B915BD/WeMeetApp.app/WeMeetApp
0x1029f8000 - 0x102a28000 wemeet_framework arm64 <2f8209bfa2153311b9c3696e683b2646> /private/var/containers/Bundle/Application/0F59523E-4D7C-44B5-8D15-103144B915BD/WeMeetApp.app/Frameworks/wemeet_framework.framework/wemeet_framework
0x102b90000 - 0x102c3c000 wemeet_module_api arm64 <2f8209bfa2153311b9c3696e683b2646> /private/var/containers/Bundle/Application/0F59523E-4D7C-44B5-8D15-103144B915BD/WeMeetApp.app/Frameworks/wemeet_module_api.framework/wemeet_module_api
0x102cf4000 - 0x103bc8000 WeMeet arm64 <2f8209bfa2153311b9c3696e683b2646> /private/var/containers/Bundle/Application/0F59523E-4D7C-44B5-8D15-103144B915BD/WeMeetApp.app/Frameworks/WeMeet.framework/WeMeet
0x18784a000 - 0x1878c3000 SystemConfiguration arm64 <2f8209bfa2153311b9c3696e683b2646> /System/Library/Frameworks/SystemConfiguration.framework/SystemConfiguration
0x1ccd44000 - 0x1ccd56000 libz.1.dylib arm64 <2f8209bfa2153311b9c3696e683b2646> /usr/lib/libz.1.dylib
0x19ad05000 - 0x19ad5f000 libc++.1.dylib arm64 <2f8209bfa2153311b9c3696e683b2646> /usr/lib/libc++.1.dylib
0x188558000 - 0x1887f3000 Foundation arm64 <2f8209bfa2153311b9c3696e683b2646> /System/Library/Frameworks/Foundation.framework/Foundation
0x19ac6c000 - 0x19aca5000 libobjc.A.dylib arm64 <2f8209bfa2153311b9c3696e683b2646> /usr/lib/libobjc.A.dylib
0x1b4896000 - 0x1b4898000 libSystem.B.dylib arm64 <2f8209bfa2153311b9c3696e683b2646> /usr/lib/libSystem.B.dylib
0x1872bf000 - 0x187668000 CoreFoundation arm64 <2f8209bfa2153311b9c3696e683b2646> /System/Library/Frameworks/CoreFoundation.framework/CoreFoundation
0x18e31c000 - 0x18e459000 Security arm64 <2f8209bfa2153311b9c3696e683b2646> /System/Library/Frameworks/Security.framework/Security
0x1b8404000 - 0x1b8405000 UIKit arm64 <2f8209bfa2153311b9c3696e683b2646> /System/Library/Frameworks/UIKit.framework/UIKit
0x1046a8000 - 0x10495c000 wemeet_base arm64 <2f8209bfa2153311b9c3696e683b2646> /private/var/containers/Bundle/Application/0F59523E-4D7C-44B5-8D15-103144B915BD/WeMeetApp.app/Frameworks/wemeet_base.framework/wemeet_base
0x104c50000 - 0x104dec000 wemeet_plugins arm64 <2f8209bfa2153311b9c3696e683b2646> /private/var/containers/Bundle/Application/0F59523E-4D7C-44B5-8D15-103144B915BD/WeMeetApp.app/Frameworks/wemeet_plugins.framework/wemeet_plugins
0x104fd8000 - 0x105884000 wemeet_sdk_internal arm64 <2f8209bfa2153311b9c3696e683b2646> /private/var/containers/Bundle/Application/0F59523E-4D7C-44B5-8D15-103144B915BD/WeMeetApp.app/Frameworks/wemeet_sdk_internal.framework/wemeet_sdk_internal
0x191921000 - 0x1919c7000 IOKit arm64 <2f8209bfa2153311b9c3696e683b2646> /System/Library/Frameworks/IOKit.framework/Versions/A/IOKit
0x1b5797000 - 0x1b5798000 AVFoundation arm64 <2f8209bfa2153311b9c3696e683b2646> /System/Library/Frameworks/AVFoundation.framework/AVFoundation
0x188b70000 - 0x1890fa000 CoreGraphics arm64 <2f8209bfa2153311b9c3696e683b2646> /System/Library/Frameworks/CoreGraphics.framework/CoreGraphics
0x1878c3000 - 0x1879ae000 CoreTelephony arm64 <2f8209bfa2153311b9c3696e683b2646> /System/Library/Frameworks/CoreTelephony.framework/CoreTelephony
0x18f345000 - 0x18f37e000 CoreVideo arm64 <2f8209bfa2153311b9c3696e683b2646> /System/Library/Frameworks/CoreVideo.framework/CoreVideo
0x198ad7000 - 0x198bce000 VideoToolbox arm64 <2f8209bfa2153311b9c3696e683b2646> /System/Library/Frameworks/VideoToolbox.framework/VideoToolbox
0x18fa97000 - 0x18fb8a000 CoreMedia arm64 <2f8209bfa2153311b9c3696e683b2646> /System/Library/Frameworks/CoreMedia.framework/CoreMedia
0x1ae364000 - 0x1ae36b000 PushKit arm64 <2f8209bfa2153311b9c3696e683b2646> /System/Library/Frameworks/PushKit.framework/PushKit
0x197eed000 - 0x1982b0000 CoreML arm64 <2f8209bfa2153311b9c3696e683b2646> /System/Library/Frameworks/CoreML.framework/CoreML
0x1b5798000 - 0x1b5799000 Accelerate arm64 <2f8209bfa2153311b9c3696e683b2646> /System/Library/Frameworks/Accelerate.framework/Accelerate
0x1b5c7e000 - 0x1b5c8e000 AssetsLibrary arm64 <2f8209bfa2153311b9c3696e683b2646> /System/Library/Frameworks/AssetsLibrary.framework/AssetsLibrary
0x1b5c49000 - 0x1b5c4a000 AdSupport arm64 <2f8209bfa2153311b9c3696e683b2646> /System/Library/Frameworks/AdSupport.framework/AdSupport
0x105f68000 - 0x10612c000 UISDK arm64 <2f8209bfa2153311b9c3696e683b2646> /private/var/containers/Bundle/Application/0F59523E-4D7C-44B5-8D15-103144B915BD/WeMeetApp.app/Frameworks/UISDK.framework/UISDK
0x1b773d000 - 0x1b776d000 OpenAL arm64 <2f8209bfa2153311b9c3696e683b2646> /System/Library/Frameworks/OpenAL.framework/OpenAL
0x19f687000 - 0x19f80a000 libsqlite3.dylib arm64 <2f8209bfa2153311b9c3696e683b2646> /usr/lib/libsqlite3.dylib
0x1ccbcb000 - 0x1ccbe3000 libresolv.9.dylib arm64 <2f8209bfa2153311b9c3696e683b2646> /usr/lib/libresolv.9.dylib
0x106284000 - 0x107000000 wemeet_app_sdk arm64 <2f8209bfa2153311b9c3696e683b2646> /private/var/containers/Bundle/Application/0F59523E-4D7C-44B5-8D15-103144B915BD/WeMeetApp.app/Frameworks/wemeet_app_sdk.framework/wemeet_app_sdk
0x1879ae000 - 0x187e2f000 CFNetwork arm64 <2f8209bfa2153311b9c3696e683b2646> /System/Library/Frameworks/CFNetwork.framework/CFNetwork
0x18d0f5000 - 0x18d458000 CoreData arm64 <2f8209bfa2153311b9c3696e683b2646> /System/Library/Frameworks/CoreData.framework/CoreData
0x107954000 - 0x107cdc000 ImSDK arm64 <2f8209bfa2153311b9c3696e683b2646> /private/var/containers/Bundle/Application/0F59523E-4D7C-44B5-8D15-103144B915BD/WeMeetApp.app/Frameworks/ImSDK.framework/ImSDK
0x195c56000 - 0x195c87000 UserNotifications arm64 <2f8209bfa2153311b9c3696e683b2646> /System/Library/Frameworks/UserNotifications.framework/UserNotifications
0x107f38000 - 0x108438000 Tquic arm64 <2f8209bfa2153311b9c3696e683b2646> /private/var/containers/Bundle/Application/0F59523E-4D7C-44B5-8D15-103144B915BD/WeMeetApp.app/Frameworks/Tquic.framework/Tquic
0x108494000 - 0x1084b8000 IGListDiffKit arm64 <2f8209bfa2153311b9c3696e683b2646> /private/var/containers/Bundle/Application/0F59523E-4D7C-44B5-8D15-103144B915BD/WeMeetApp.app/Frameworks/IGListDiffKit.framework/IGListDiffKit
0x108520000 - 0x1085c4000 AuthSDK arm64 <2f8209bfa2153311b9c3696e683b2646> /private/var/containers/Bundle/Application/0F59523E-4D7C-44B5-8D15-103144B915BD/WeMeetApp.app/Frameworks/AuthSDK.framework/AuthSDK
0x10864c000 - 0x1086e4000 WMWhiteboardSDK arm64 <2f8209bfa2153311b9c3696e683b2646> /private/var/containers/Bundle/Application/0F59523E-4D7C-44B5-8D15-103144B915BD/WeMeetApp.app/Frameworks/WMWhiteboardSDK.framework/WMWhiteboardSDK
0x18b4b2000 - 0x18b66b000 CoreText arm64 <2f8209bfa2153311b9c3696e683b2646> /System/Library/Frameworks/CoreText.framework/CoreText
0x1087b4000 - 0x109124000 xcast arm64 <2f8209bfa2153311b9c3696e683b2646> /private/var/containers/Bundle/Application/0F59523E-4D7C-44B5-8D15-103144B915BD/WeMeetApp.app/Frameworks/xcast.framework/xcast
0x19bf9b000 - 0x19c09b000 AVKit arm64 <2f8209bfa2153311b9c3696e683b2646> /System/Library/Frameworks/AVKit.framework/AVKit
0x18fb8a000 - 0x18fdf5000 AudioToolbox arm64 <2f8209bfa2153311b9c3696e683b2646> /System/Library/Frameworks/AudioToolbox.framework/AudioToolbox
0x18ef8d000 - 0x18f28a000 CoreImage arm64 <2f8209bfa2153311b9c3696e683b2646> /System/Library/Frameworks/CoreImage.framework/CoreImage
0x18ced3000 - 0x18cf58000 CoreLocation arm64 <2f8209bfa2153311b9c3696e683b2646> /System/Library/Frameworks/CoreLocation.framework/CoreLocation
0x191a41000 - 0x191c99000 CoreMotion arm64 <2f8209bfa2153311b9c3696e683b2646> /System/Library/Frameworks/CoreMotion.framework/CoreMotion
0x1b643b000 - 0x1b643f000 DeviceCheck arm64 <2f8209bfa2153311b9c3696e683b2646> /System/Library/Frameworks/DeviceCheck.framework/DeviceCheck
0x191c99000 - 0x191dcf000 EventKit arm64 <2f8209bfa2153311b9c3696e683b2646> /System/Library/Frameworks/EventKit.framework/EventKit
0x1a009a000 - 0x1a026c000 EventKitUI arm64 <2f8209bfa2153311b9c3696e683b2646> /System/Library/Frameworks/EventKitUI.framework/EventKitUI
0x1887f3000 - 0x188b57000 ImageIO arm64 <2f8209bfa2153311b9c3696e683b2646> /System/Library/Frameworks/ImageIO.framework/ImageIO
0x18e459000 - 0x18e84f000 MediaPlayer arm64 <2f8209bfa2153311b9c3696e683b2646> /System/Library/Frameworks/MediaPlayer.framework/MediaPlayer
0x19cf9f000 - 0x19d0d2000 MessageUI arm64 <2f8209bfa2153311b9c3696e683b2646> /System/Library/Frameworks/MessageUI.framework/MessageUI
0x1b6c51000 - 0x1b6c52000 MobileCoreServices arm64 <2f8209bfa2153311b9c3696e683b2646> /System/Library/Frameworks/MobileCoreServices.framework/MobileCoreServices
0x1b7837000 - 0x1b7840000 OpenGLES arm64 <2f8209bfa2153311b9c3696e683b2646> /System/Library/Frameworks/OpenGLES.framework/OpenGLES
0x19722a000 - 0x19745d000 Photos arm64 <2f8209bfa2153311b9c3696e683b2646> /System/Library/Frameworks/Photos.framework/Photos
0x18a4d2000 - 0x18a745000 QuartzCore arm64 <2f8209bfa2153311b9c3696e683b2646> /System/Library/Frameworks/QuartzCore.framework/QuartzCore
0x1b7d49000 - 0x1b7d77000 ReplayKit arm64 <2f8209bfa2153311b9c3696e683b2646> /System/Library/Frameworks/ReplayKit.framework/ReplayKit
0x1a33d5000 - 0x1a3417000 StoreKit arm64 <2f8209bfa2153311b9c3696e683b2646> /System/Library/Frameworks/StoreKit.framework/StoreKit
0x192db6000 - 0x1934de000 WebKit arm64 <2f8209bfa2153311b9c3696e683b2646> /System/Library/Frameworks/WebKit.framework/WebKit
0x1cc1f4000 - 0x1cc205000 libbsm.0.dylib arm64 <2f8209bfa2153311b9c3696e683b2646> /usr/lib/libbsm.0.dylib
0x187e2f000 - 0x1884e7000 libnetwork.dylib arm64 <2f8209bfa2153311b9c3696e683b2646> /usr/lib/libnetwork.dylib
0x19ad5f000 - 0x19ad78000 libc++abi.dylib arm64 <2f8209bfa2153311b9c3696e683b2646> /usr/lib/libc++abi.dylib
0x19aed6000 - 0x19af17000 CoreAutoLayout arm64 <2f8209bfa2153311b9c3696e683b2646> /System/Library/PrivateFrameworks/CoreAutoLayout.framework/CoreAutoLayout
0x1cc225000 - 0x1cc23d000 libcompression.dylib arm64 <2f8209bfa2153311b9c3696e683b2646> /usr/lib/libcompression.dylib
0x1b4ccf000 - 0x1b4d3e000 libarchive.2.dylib arm64 <2f8209bfa2153311b9c3696e683b2646> /usr/lib/libarchive.2.dylib
0x187067000 - 0x1872bf000 libicucore.A.dylib arm64 <2f8209bfa2153311b9c3696e683b2646> /usr/lib/libicucore.A.dylib
0x1ccc31000 - 0x1ccd17000 libxml2.2.dylib arm64 <2f8209bfa2153311b9c3696e683b2646> /usr/lib/libxml2.2.dylib
0x1cc407000 - 0x1cc409000 liblangid.dylib arm64 <2f8209bfa2153311b9c3696e683b2646> /usr/lib/liblangid.dylib
0x1cb9d8000 - 0x1cba0b000 libCRFSuite.dylib arm64 <2f8209bfa2153311b9c3696e683b2646> /usr/lib/libCRFSuite.dylib
0x1c5140000 - 0x1c5141000 SoftLinking arm64 <2f8209bfa2153311b9c3696e683b2646> /System/Library/PrivateFrameworks/SoftLinking.framework/SoftLinking
0x1ccf84000 - 0x1ccf8a000 libcache.dylib arm64 <2f8209bfa2153311b9c3696e683b2646> /usr/lib/system/libcache.dylib
0x1ccf8a000 - 0x1ccf97000 libcommonCrypto.dylib arm64 <2f8209bfa2153311b9c3696e683b2646> /usr/lib/system/libcommonCrypto.dylib
0x1ccf97000 - 0x1ccf9c000 libcompiler_rt.dylib arm64 <2f8209bfa2153311b9c3696e683b2646> /usr/lib/system/libcompiler_rt.dylib
0x1ccf9c000 - 0x1ccfa5000 libcopyfile.dylib arm64 <2f8209bfa2153311b9c3696e683b2646> /usr/lib/system/libcopyfile.dylib
0x1a044c000 - 0x1a04be000 libcorecrypto.dylib arm64 <2f8209bfa2153311b9c3696e683b2646> /usr/lib/system/libcorecrypto.dylib
0x186fb1000 - 0x187030000 libdispatch.dylib arm64 <2f8209bfa2153311b9c3696e683b2646> /usr/lib/system/libdispatch.dylib
0x187030000 - 0x187067000 libdyld.dylib arm64 <2f8209bfa2153311b9c3696e683b2646> /usr/lib/system/libdyld.dylib
0x1cd085000 - 0x1cd086000 liblaunch.dylib arm64 <2f8209bfa2153311b9c3696e683b2646> /usr/lib/system/liblaunch.dylib
0x1cd086000 - 0x1cd08c000 libmacho.dylib arm64 <2f8209bfa2153311b9c3696e683b2646> /usr/lib/system/libmacho.dylib
0x1cd08c000 - 0x1cd08f000 libremovefile.dylib arm64 <2f8209bfa2153311b9c3696e683b2646> /usr/lib/system/libremovefile.dylib
0x1a05b1000 - 0x1a05c8000 libsystem_asl.dylib arm64 <2f8209bfa2153311b9c3696e683b2646> /usr/lib/system/libsystem_asl.dylib
0x1cd08f000 - 0x1cd091000 libsystem_blocks.dylib arm64 <2f8209bfa2153311b9c3696e683b2646> /usr/lib/system/libsystem_blocks.dylib
0x18ffe0000 - 0x19005d000 libsystem_c.dylib arm64 <2f8209bfa2153311b9c3696e683b2646> /usr/lib/system/libsystem_c.dylib
0x1cd091000 - 0x1cd094000 libsystem_collections.dylib arm64 <2f8209bfa2153311b9c3696e683b2646> /usr/lib/system/libsystem_collections.dylib
0x1cd094000 - 0x1cd099000 libsystem_configuration.dylib arm64 <2f8209bfa2153311b9c3696e683b2646> /usr/lib/system/libsystem_configuration.dylib
0x1cd099000 - 0x1cd0aa000 libsystem_containermanager.dylib arm64 <2f8209bfa2153311b9c3696e683b2646> /usr/lib/system/libsystem_containermanager.dylib
0x1cd0aa000 - 0x1cd0ac000 libsystem_coreservices.dylib arm64 <2f8209bfa2153311b9c3696e683b2646> /usr/lib/system/libsystem_coreservices.dylib
0x1cd0ac000 - 0x1cd0b6000 libsystem_darwin.dylib arm64 <2f8209bfa2153311b9c3696e683b2646> /usr/lib/system/libsystem_darwin.dylib
0x1cd0b6000 - 0x1cd0bf000 libsystem_dnssd.dylib arm64 <2f8209bfa2153311b9c3696e683b2646> /usr/lib/system/libsystem_dnssd.dylib
0x1cd0bf000 - 0x1cd0c2000 libsystem_featureflags.dylib arm64 <2f8209bfa2153311b9c3696e683b2646> /usr/lib/system/libsystem_featureflags.dylib
0x18ffa2000 - 0x18ffe0000 libsystem_info.dylib arm64 <2f8209bfa2153311b9c3696e683b2646> /usr/lib/system/libsystem_info.dylib
0x1cd0c2000 - 0x1cd0f0000 libsystem_m.dylib arm64 <2f8209bfa2153311b9c3696e683b2646> /usr/lib/system/libsystem_m.dylib
0x195d08000 - 0x195d2b000 libsystem_malloc.dylib arm64 <2f8209bfa2153311b9c3696e683b2646> /usr/lib/system/libsystem_malloc.dylib
0x197c77000 - 0x197c87000 libsystem_networkextension.dylib arm64 <2f8209bfa2153311b9c3696e683b2646> /usr/lib/system/libsystem_networkextension.dylib
0x1a0397000 - 0x1a03a2000 libsystem_notify.dylib arm64 <2f8209bfa2153311b9c3696e683b2646> /usr/lib/system/libsystem_notify.dylib
0x1cd0fb000 - 0x1cd0fc000 libsystem_product_info_filter.dylib arm64 <2f8209bfa2153311b9c3696e683b2646> /usr/lib/system/libsystem_product_info_filter.dylib
0x1cd10d000 - 0x1cd111000 libsystem_sandbox.dylib arm64 <2f8209bfa2153311b9c3696e683b2646> /usr/lib/system/libsystem_sandbox.dylib
0x1b1e3c000 - 0x1b1e6c000 libsystem_kernel.dylib arm64 <2f8209bfa2153311b9c3696e683b2646> /usr/lib/system/libsystem_kernel.dylib
0x1cd0f0000 - 0x1cd0fb000 libsystem_platform.dylib arm64 <2f8209bfa2153311b9c3696e683b2646> /usr/lib/system/libsystem_platform.dylib
0x1cd0fc000 - 0x1cd10d000 libsystem_pthread.dylib arm64 <2f8209bfa2153311b9c3696e683b2646> /usr/lib/system/libsystem_pthread.dylib
0x1a70d6000 - 0x1a70de000 libsystem_symptoms.dylib arm64 <2f8209bfa2153311b9c3696e683b2646> /usr/lib/system/libsystem_symptoms.dylib
0x19c83d000 - 0x19c854000 libsystem_trace.dylib arm64 <2f8209bfa2153311b9c3696e683b2646> /usr/lib/system/libsystem_trace.dylib
0x1cd111000 - 0x1cd11b000 libunwind.dylib arm64 <2f8209bfa2153311b9c3696e683b2646> /usr/lib/system/libunwind.dylib
0x1cd11b000 - 0x1cd14d000 libxpc.dylib arm64 <2f8209bfa2153311b9c3696e683b2646> /usr/lib/system/libxpc.dylib
0x1cc23d000 - 0x1cc253000 libcoretls.dylib arm64 <2f8209bfa2153311b9c3696e683b2646> /usr/lib/libcoretls.dylib
0x1cc253000 - 0x1cc255000 libcoretls_cfhelpers.dylib arm64 <2f8209bfa2153311b9c3696e683b2646> /usr/lib/libcoretls_cfhelpers.dylib
0x19583e000 - 0x19589b000 libMobileGestalt.dylib arm64 <2f8209bfa2153311b9c3696e683b2646> /usr/lib/libMobileGestalt.dylib
0x1be539000 - 0x1be574000 DocumentManager arm64 <2f8209bfa2153311b9c3696e683b2646> /System/Library/PrivateFrameworks/DocumentManager.framework/DocumentManager
0x19b5ca000 - 0x19b6d6000 FileProvider arm64 <2f8209bfa2153311b9c3696e683b2646> /System/Library/Frameworks/FileProvider.framework/FileProvider
0x1890fa000 - 0x18a4b4000 UIKitCore arm64 <2f8209bfa2153311b9c3696e683b2646> /System/Library/PrivateFrameworks/UIKitCore.framework/UIKitCore
0x19705c000 - 0x1970fc000 ShareSheet arm64 <2f8209bfa2153311b9c3696e683b2646> /System/Library/PrivateFrameworks/ShareSheet.framework/ShareSheet
0x109620000 - 0x109950000 xnn arm64 <2f8209bfa2153311b9c3696e683b2646> /private/var/containers/Bundle/Application/0F59523E-4D7C-44B5-8D15-103144B915BD/WeMeetApp.app/Frameworks/xnn.framework/xnn
0x109c0c000 - 0x109c6c000 omp arm64 <2f8209bfa2153311b9c3696e683b2646> /private/var/containers/Bundle/Application/0F59523E-4D7C-44B5-8D15-103144B915BD/WeMeetApp.app/Frameworks/omp.framework/omp
0x109c94000 - 0x109e00000 xnn_media arm64 <2f8209bfa2153311b9c3696e683b2646> /private/var/containers/Bundle/Application/0F59523E-4D7C-44B5-8D15-103144B915BD/WeMeetApp.app/Frameworks/xnn_media.framework/xnn_media
0x1b6469000 - 0x1b6492000 GLKit arm64 <2f8209bfa2153311b9c3696e683b2646> /System/Library/Frameworks/GLKit.framework/GLKit
0x19c287000 - 0x19c361000 Metal arm64 <2f8209bfa2153311b9c3696e683b2646> /System/Library/Frameworks/Metal.framework/Metal
0x1b7d77000 - 0x1b8182000 SceneKit arm64 <2f8209bfa2153311b9c3696e683b2646> /System/Library/Frameworks/SceneKit.framework/SceneKit
0x1cc2a4000 - 0x1cc2a5000 libenergytrace.dylib arm64 <2f8209bfa2153311b9c3696e683b2646> /usr/lib/libenergytrace.dylib
0x1968c3000 - 0x1969c9000 AVFAudio arm64 <2f8209bfa2153311b9c3696e683b2646> /System/Library/Frameworks/AVFoundation.framework/Frameworks/AVFAudio.framework/AVFAudio
0x18e867000 - 0x18e9e1000 AVFCore arm64 <2f8209bfa2153311b9c3696e683b2646> /System/Library/PrivateFrameworks/AVFCore.framework/AVFCore
0x19f80a000 - 0x19f8c7000 AVFCapture arm64 <2f8209bfa2153311b9c3696e683b2646> /System/Library/PrivateFrameworks/AVFCapture.framework/AVFCapture
0x1bef53000 - 0x1bf090000 libFontParser.dylib arm64 <2f8209bfa2153311b9c3696e683b2646> /System/Library/PrivateFrameworks/FontServices.framework/libFontParser.dylib
0x1a6b50000 - 0x1a6b62000 IOSurface arm64 <2f8209bfa2153311b9c3696e683b2646> /System/Library/Frameworks/IOSurface.framework/IOSurface
0x1cc278000 - 0x1cc27f000 libcupolicy.dylib arm64 <2f8209bfa2153311b9c3696e683b2646> /usr/lib/libcupolicy.dylib
0x19f429000 - 0x19f4b8000 libTelephonyUtilDynamic.dylib arm64 <2f8209bfa2153311b9c3696e683b2646> /usr/lib/libTelephonyUtilDynamic.dylib
0x19589b000 - 0x1958b7000 CommonUtilities arm64 <2f8209bfa2153311b9c3696e683b2646> /System/Library/PrivateFrameworks/CommonUtilities.framework/CommonUtilities
0x18f28a000 - 0x18f345000 ColorSync arm64 <2f8209bfa2153311b9c3696e683b2646> /System/Library/PrivateFrameworks/ColorSync.framework/ColorSync
0x1a4010000 - 0x1a401b000 IOMobileFramebuffer arm64 <2f8209bfa2153311b9c3696e683b2646> /System/Library/PrivateFrameworks/IOMobileFramebuffer.framework/IOMobileFramebuffer
0x1b68cf000 - 0x1b68d0000 MetalPerformanceShaders arm64 <2f8209bfa2153311b9c3696e683b2646> /System/Library/Frameworks/MetalPerformanceShaders.framework/MetalPerformanceShaders
0x1bb88f000 - 0x1bb8d3000 AppleJPEG arm64 <2f8209bfa2153311b9c3696e683b2646> /System/Library/PrivateFrameworks/AppleJPEG.framework/AppleJPEG
0x1c06c5000 - 0x1c06c8000 IOSurfaceAccelerator arm64 <2f8209bfa2153311b9c3696e683b2646> /System/Library/PrivateFrameworks/IOSurfaceAccelerator.framework/IOSurfaceAccelerator
0x19c361000 - 0x19c490000 MediaExperience arm64 <2f8209bfa2153311b9c3696e683b2646> /System/Library/PrivateFrameworks/MediaExperience.framework/MediaExperience
0x1bc16f000 - 0x1bc17a000 CMCaptureCore arm64 <2f8209bfa2153311b9c3696e683b2646> /System/Library/PrivateFrameworks/CMCaptureCore.framework/CMCaptureCore
0x1c74b9000 - 0x1c74bb000 WatchdogClient arm64 <2f8209bfa2153311b9c3696e683b2646> /System/Library/PrivateFrameworks/WatchdogClient.framework/WatchdogClient
0x19b7bf000 - 0x19b7dd000 CrashReporterSupport arm64 <2f8209bfa2153311b9c3696e683b2646> /System/Library/PrivateFrameworks/CrashReporterSupport.framework/CrashReporterSupport
0x1a7120000 - 0x1a76cd000 CoreAudio arm64 <2f8209bfa2153311b9c3696e683b2646> /System/Library/Frameworks/CoreAudio.framework/CoreAudio
0x18e050000 - 0x18e08f000 AppSupport arm64 <2f8209bfa2153311b9c3696e683b2646> /System/Library/PrivateFrameworks/AppSupport.framework/AppSupport
0x19c1fe000 - 0x19c20d000 AssertionServices arm64 <2f8209bfa2153311b9c3696e683b2646> /System/Library/PrivateFrameworks/AssertionServices.framework/AssertionServices
0x1919d7000 - 0x191a2f000 SpringBoardServices arm64 <2f8209bfa2153311b9c3696e683b2646> /System/Library/PrivateFrameworks/SpringBoardServices.framework/SpringBoardServices
0x19d68b000 - 0x19d6a0000 PowerLog arm64 <2f8209bfa2153311b9c3696e683b2646> /System/Library/PrivateFrameworks/PowerLog.framework/PowerLog
0x1cba0b000 - 0x1cba0d000 libCTGreenTeaLogger.dylib arm64 <2f8209bfa2153311b9c3696e683b2646> /usr/lib/libCTGreenTeaLogger.dylib
0x19d6a0000 - 0x19d6c8000 DuetActivityScheduler arm64 <2f8209bfa2153311b9c3696e683b2646> /System/Library/PrivateFrameworks/DuetActivityScheduler.framework/DuetActivityScheduler
0x1a089e000 - 0x1a08c3000 CoreAnalytics arm64 <2f8209bfa2153311b9c3696e683b2646> /System/Library/PrivateFrameworks/CoreAnalytics.framework/CoreAnalytics
0x18cf58000 - 0x18d0f5000 CloudKit arm64 <2f8209bfa2153311b9c3696e683b2646> /System/Library/Frameworks/CloudKit.framework/CloudKit
0x1982b0000 - 0x198ad7000 Espresso arm64 <2f8209bfa2153311b9c3696e683b2646> /System/Library/PrivateFrameworks/Espresso.framework/Espresso
0x1a1c9a000 - 0x1a1f36000 vImage arm64 <2f8209bfa2153311b9c3696e683b2646> /System/Library/Frameworks/Accelerate.framework/Frameworks/vImage.framework/vImage
0x1b5c44000 - 0x1b5c45000 vecLib arm64 <2f8209bfa2153311b9c3696e683b2646> /System/Library/Frameworks/Accelerate.framework/Frameworks/vecLib.framework/vecLib
0x187668000 - 0x187801000 CoreServices arm64 <2f8209bfa2153311b9c3696e683b2646> /System/Library/Frameworks/CoreServices.framework/CoreServices
0x1be1f1000 - 0x1be1ff000 DCIMServices arm64 <2f8209bfa2153311b9c3696e683b2646> /System/Library/PrivateFrameworks/DCIMServices.framework/DCIMServices
0x19745d000 - 0x197b37000 PhotoLibraryServices arm64 <2f8209bfa2153311b9c3696e683b2646> /System/Library/PrivateFrameworks/PhotoLibraryServices.framework/PhotoLibraryServices
0x197b37000 - 0x197bed000 AssetsLibraryServices arm64 <2f8209bfa2153311b9c3696e683b2646> /System/Library/PrivateFrameworks/AssetsLibraryServices.framework/AssetsLibraryServices
0x18e08f000 - 0x18e1ac000 ManagedConfiguration arm64 <2f8209bfa2153311b9c3696e683b2646> /System/Library/PrivateFrameworks/ManagedConfiguration.framework/ManagedConfiguration
0x102a60000 - 0x102a6c000 image_picker arm64 <2f8209bfa2153311b9c3696e683b2646> /private/var/containers/Bundle/Application/0F59523E-4D7C-44B5-8D15-103144B915BD/WeMeetApp.app/Frameworks/image_picker.framework/image_picker
0x109ef8000 - 0x109f0c000 FMDB arm64 <2f8209bfa2153311b9c3696e683b2646> /private/var/containers/Bundle/Application/0F59523E-4D7C-44B5-8D15-103144B915BD/WeMeetApp.app/Frameworks/FMDB.framework/FMDB
0x102a7c000 - 0x102a84000 path_provider arm64 <2f8209bfa2153311b9c3696e683b2646> /private/var/containers/Bundle/Application/0F59523E-4D7C-44B5-8D15-103144B915BD/WeMeetApp.app/Frameworks/path_provider.framework/path_provider
0x109f24000 - 0x10a5fc000 App arm64 <2f8209bfa2153311b9c3696e683b2646> /private/var/containers/Bundle/Application/0F59523E-4D7C-44B5-8D15-103144B915BD/WeMeetApp.app/Frameworks/App.framework/App
0x10a704000 - 0x10a714000 camera arm64 <2f8209bfa2153311b9c3696e683b2646> /private/var/containers/Bundle/Application/0F59523E-4D7C-44B5-8D15-103144B915BD/WeMeetApp.app/Frameworks/camera.framework/camera
0x10a728000 - 0x10ad94000 Flutter arm64 <2f8209bfa2153311b9c3696e683b2646> /private/var/containers/Bundle/Application/0F59523E-4D7C-44B5-8D15-103144B915BD/WeMeetApp.app/Frameworks/Flutter.framework/Flutter
0x10b048000 - 0x10b058000 sqflite arm64 <2f8209bfa2153311b9c3696e683b2646> /private/var/containers/Bundle/Application/0F59523E-4D7C-44B5-8D15-103144B915BD/WeMeetApp.app/Frameworks/sqflite.framework/sqflite
0x1cc0bc000 - 0x1cc0d3000 libapple_nghttp2.dylib arm64 <2f8209bfa2153311b9c3696e683b2646> /usr/lib/libapple_nghttp2.dylib
0x18b66b000 - 0x18b684000 ExtensionKit arm64 <2f8209bfa2153311b9c3696e683b2646> /System/Library/PrivateFrameworks/ExtensionKit.framework/ExtensionKit
0x18b699000 - 0x18b717000 BaseBoard arm64 <2f8209bfa2153311b9c3696e683b2646> /System/Library/PrivateFrameworks/BaseBoard.framework/BaseBoard
0x1b5d9f000 - 0x1b5dbb000 AuthenticationServices arm64 <2f8209bfa2153311b9c3696e683b2646> /System/Library/Frameworks/AuthenticationServices.framework/AuthenticationServices
0x1bf099000 - 0x1bf0d7000 libGSFontCache.dylib arm64 <2f8209bfa2153311b9c3696e683b2646> /System/Library/PrivateFrameworks/FontServices.framework/libGSFontCache.dylib
0x1bf090000 - 0x1bf099000 libGSFont.dylib arm64 <2f8209bfa2153311b9c3696e683b2646> /System/Library/PrivateFrameworks/FontServices.framework/libGSFont.dylib
0x18a4b4000 - 0x18a4d2000 libAccessibility.dylib arm64 <2f8209bfa2153311b9c3696e683b2646> /usr/lib/libAccessibility.dylib
0x1c1dba000 - 0x1c1dfb000 OTSVG arm64 <2f8209bfa2153311b9c3696e683b2646> /System/Library/PrivateFrameworks/OTSVG.framework/OTSVG
0x1b27a5000 - 0x1b27b2000 FontServices arm64 <2f8209bfa2153311b9c3696e683b2646> /System/Library/PrivateFrameworks/FontServices.framework/FontServices
0x1a30a5000 - 0x1a30b3000 Celestial arm64 <2f8209bfa2153311b9c3696e683b2646> /System/Library/PrivateFrameworks/Celestial.framework/Celestial
0x1a3157000 - 0x1a319b000 Pegasus arm64 <2f8209bfa2153311b9c3696e683b2646> /System/Library/PrivateFrameworks/Pegasus.framework/Pegasus
0x18f37e000 - 0x18fa97000 MediaToolbox arm64 <2f8209bfa2153311b9c3696e683b2646> /System/Library/Frameworks/MediaToolbox.framework/MediaToolbox
0x1b2943000 - 0x1b294f000 MediaAccessibility arm64 <2f8209bfa2153311b9c3696e683b2646> /System/Library/Frameworks/MediaAccessibility.framework/MediaAccessibility
0x1922e5000 - 0x192537000 MediaRemote arm64 <2f8209bfa2153311b9c3696e683b2646> /System/Library/PrivateFrameworks/MediaRemote.framework/MediaRemote
0x1969c9000 - 0x196c21000 AudioToolboxCore arm64 <2f8209bfa2153311b9c3696e683b2646> /System/Library/PrivateFrameworks/AudioToolboxCore.framework/AudioToolboxCore
0x1c56f9000 - 0x1c570a000 TCC arm64 <2f8209bfa2153311b9c3696e683b2646> /System/Library/PrivateFrameworks/TCC.framework/TCC
0x195c87000 - 0x195d08000 FrontBoardServices arm64 <2f8209bfa2153311b9c3696e683b2646> /System/Library/PrivateFrameworks/FrontBoardServices.framework/FrontBoardServices
0x1cb82e000 - 0x1cb83e000 libAudioStatistics.dylib arm64 <2f8209bfa2153311b9c3696e683b2646> /usr/lib/libAudioStatistics.dylib
0x1c8491000 - 0x1c84b1000 caulk arm64 <2f8209bfa2153311b9c3696e683b2646> /System/Library/PrivateFrameworks/caulk.framework/caulk
0x19b371000 - 0x19b3a4000 libAudioToolboxUtility.dylib arm64 <2f8209bfa2153311b9c3696e683b2646> /usr/lib/libAudioToolboxUtility.dylib
0x1ba22b000 - 0x1ba231000 AggregateDictionary arm64 <2f8209bfa2153311b9c3696e683b2646> /System/Library/PrivateFrameworks/AggregateDictionary.framework/AggregateDictionary
0x1bfdd0000 - 0x1bfdde000 GraphVisualizer arm64 <2f8209bfa2153311b9c3696e683b2646> /System/Library/PrivateFrameworks/GraphVisualizer.framework/GraphVisualizer
0x1be9a1000 - 0x1bedb4000 FaceCore arm64 <2f8209bfa2153311b9c3696e683b2646> /System/Library/PrivateFrameworks/FaceCore.framework/FaceCore
0x18ba74000 - 0x18ced3000 GeoServices arm64 <2f8209bfa2153311b9c3696e683b2646> /System/Library/PrivateFrameworks/GeoServices.framework/GeoServices
0x19005d000 - 0x1900a6000 RunningBoardServices arm64 <2f8209bfa2153311b9c3696e683b2646> /System/Library/PrivateFrameworks/RunningBoardServices.framework/RunningBoardServices
0x1a54e1000 - 0x1a5508000 LocationSupport arm64 <2f8209bfa2153311b9c3696e683b2646> /System/Library/PrivateFrameworks/LocationSupport.framework/LocationSupport
0x19f161000 - 0x19f1e4000 CoreBluetooth arm64 <2f8209bfa2153311b9c3696e683b2646> /System/Library/Frameworks/CoreBluetooth.framework/CoreBluetooth
0x1cc205000 - 0x1cc212000 libbz2.1.0.dylib arm64 <2f8209bfa2153311b9c3696e683b2646> /usr/lib/libbz2.1.0.dylib
0x1a973e000 - 0x1a977a000 TimeSync arm64 <2f8209bfa2153311b9c3696e683b2646> /System/Library/PrivateFrameworks/TimeSync.framework/TimeSync
0x1c17df000 - 0x1c17f4000 MobileBluetooth arm64 <2f8209bfa2153311b9c3696e683b2646> /System/Library/PrivateFrameworks/MobileBluetooth.framework/MobileBluetooth
0x19bf84000 - 0x19bf9b000 ProtocolBuffer arm64 <2f8209bfa2153311b9c3696e683b2646> /System/Library/PrivateFrameworks/ProtocolBuffer.framework/ProtocolBuffer
0x18a745000 - 0x18a7ab000 BackBoardServices arm64 <2f8209bfa2153311b9c3696e683b2646> /System/Library/PrivateFrameworks/BackBoardServices.framework/BackBoardServices
0x1c6298000 - 0x1c62a0000 URLFormatting arm64 <2f8209bfa2153311b9c3696e683b2646> /System/Library/PrivateFrameworks/URLFormatting.framework/URLFormatting
0x19a158000 - 0x19a1fb000 CalendarDatabase arm64 <2f8209bfa2153311b9c3696e683b2646> /System/Library/PrivateFrameworks/CalendarDatabase.framework/CalendarDatabase
0x1b4b83000 - 0x1b4bdb000 CalendarDaemon arm64 <2f8209bfa2153311b9c3696e683b2646> /System/Library/PrivateFrameworks/CalendarDaemon.framework/CalendarDaemon
0x19bc9f000 - 0x19bd08000 CalendarFoundation arm64 <2f8209bfa2153311b9c3696e683b2646> /System/Library/PrivateFrameworks/CalendarFoundation.framework/CalendarFoundation
0x18b92d000 - 0x18ba74000 Contacts arm64 <2f8209bfa2153311b9c3696e683b2646> /System/Library/Frameworks/Contacts.framework/Contacts
0x1a0830000 - 0x1a0867000 DataAccessExpress arm64 <2f8209bfa2153311b9c3696e683b2646> /System/Library/PrivateFrameworks/DataAccessExpress.framework/DataAccessExpress
0x1a5508000 - 0x1a553b000 iCalendar arm64 <2f8209bfa2153311b9c3696e683b2646> /System/Library/PrivateFrameworks/iCalendar.framework/iCalendar
0x1a468d000 - 0x1a46b9000 PersistentConnection arm64 <2f8209bfa2153311b9c3696e683b2646> /System/Library/PrivateFrameworks/PersistentConnection.framework/PersistentConnection
0x18e9e1000 - 0x18ef42000 Intents arm64 <2f8209bfa2153311b9c3696e683b2646> /System/Library/Frameworks/Intents.framework/Intents
0x1917ff000 - 0x191821000 ProactiveEventTracker arm64 <2f8209bfa2153311b9c3696e683b2646> /System/Library/PrivateFrameworks/ProactiveEventTracker.framework/ProactiveEventTracker
0x1a47c0000 - 0x1a4a62000 PencilKit arm64 <2f8209bfa2153311b9c3696e683b2646> /System/Library/Frameworks/PencilKit.framework/PencilKit
0x195d2b000 - 0x195fe1000 MapKit arm64 <2f8209bfa2153311b9c3696e683b2646> /System/Library/Frameworks/MapKit.framework/MapKit
0x19b6fe000 - 0x19b734000 DataDetectorsCore arm64 <2f8209bfa2153311b9c3696e683b2646> /System/Library/PrivateFrameworks/DataDetectorsCore.framework/DataDetectorsCore
0x1abe37000 - 0x1abe4d000 MailServices arm64 <2f8209bfa2153311b9c3696e683b2646> /System/Library/PrivateFrameworks/MailServices.framework/MailServices
0x191555000 - 0x1915db000 ContactsFoundation arm64 <2f8209bfa2153311b9c3696e683b2646> /System/Library/PrivateFrameworks/ContactsFoundation.framework/ContactsFoundation
0x1884e7000 - 0x188558000 Accounts arm64 <2f8209bfa2153311b9c3696e683b2646> /System/Library/Frameworks/Accounts.framework/Accounts
0x1ac0d9000 - 0x1ac114000 CalendarUIKit arm64 <2f8209bfa2153311b9c3696e683b2646> /System/Library/PrivateFrameworks/CalendarUIKit.framework/CalendarUIKit
0x1926e6000 - 0x192752000 CoreSpotlight arm64 <2f8209bfa2153311b9c3696e683b2646> /System/Library/Frameworks/CoreSpotlight.framework/CoreSpotlight
0x1c07e8000 - 0x1c0804000 IntlPreferences arm64 <2f8209bfa2153311b9c3696e683b2646> /System/Library/PrivateFrameworks/IntlPreferences.framework/IntlPreferences
0x1a1266000 - 0x1a1291000 IconServices arm64 <2f8209bfa2153311b9c3696e683b2646> /System/Library/PrivateFrameworks/IconServices.framework/IconServices
0x1cc0d3000 - 0x1cc165000 libate.dylib arm64 <2f8209bfa2153311b9c3696e683b2646> /usr/lib/libate.dylib
0x1cc2a5000 - 0x1cc2bd000 libexpat.1.dylib arm64 <2f8209bfa2153311b9c3696e683b2646> /usr/lib/libexpat.1.dylib
0x1c02cd000 - 0x1c0345000 HomeSharing arm64 <2f8209bfa2153311b9c3696e683b2646> /System/Library/PrivateFrameworks/HomeSharing.framework/HomeSharing
0x1c0f0b000 - 0x1c1223000 MediaLibraryCore arm64 <2f8209bfa2153311b9c3696e683b2646> /System/Library/PrivateFrameworks/MediaLibraryCore.framework/MediaLibraryCore
0x1c1223000 - 0x1c12b3000 MediaPlatform arm64 <2f8209bfa2153311b9c3696e683b2646> /System/Library/PrivateFrameworks/MediaPlatform.framework/MediaPlatform
0x1a42a8000 - 0x1a456c000 MusicLibrary arm64 <2f8209bfa2153311b9c3696e683b2646> /System/Library/PrivateFrameworks/MusicLibrary.framework/MusicLibrary
0x192ca6000 - 0x192d68000 CoreUI arm64 <2f8209bfa2153311b9c3696e683b2646> /System/Library/PrivateFrameworks/CoreUI.framework/CoreUI
0x18a89b000 - 0x18ac31000 AppleMediaServices arm64 <2f8209bfa2153311b9c3696e683b2646> /System/Library/PrivateFrameworks/AppleMediaServices.framework/AppleMediaServices
0x199dd6000 - 0x19a00e000 iTunesCloud arm64 <2f8209bfa2153311b9c3696e683b2646> /System/Library/PrivateFrameworks/iTunesCloud.framework/iTunesCloud
0x19a9f8000 - 0x19aa33000 MediaServices arm64 <2f8209bfa2153311b9c3696e683b2646> /System/Library/PrivateFrameworks/MediaServices.framework/MediaServices
0x195bbb000 - 0x195c56000 AddressBookLegacy arm64 <2f8209bfa2153311b9c3696e683b2646> /System/Library/PrivateFrameworks/AddressBookLegacy.framework/AddressBookLegacy
0x19cf5a000 - 0x19cf9f000 ContactsAutocompleteUI arm64 <2f8209bfa2153311b9c3696e683b2646> /System/Library/PrivateFrameworks/ContactsAutocompleteUI.framework/ContactsAutocompleteUI
0x18b2a3000 - 0x18b4b2000 ContactsUI arm64 <2f8209bfa2153311b9c3696e683b2646> /System/Library/Frameworks/ContactsUI.framework/ContactsUI
0x1b90c2000 - 0x1b90c3000 VisionKit arm64 <2f8209bfa2153311b9c3696e683b2646> /System/Library/Frameworks/VisionKit.framework/VisionKit
0x19ff96000 - 0x1a0038000 Email arm64 <2f8209bfa2153311b9c3696e683b2646> /System/Library/PrivateFrameworks/Email.framework/Email
0x1ab1fe000 - 0x1ab267000 EmailCore arm64 <2f8209bfa2153311b9c3696e683b2646> /System/Library/PrivateFrameworks/EmailCore.framework/EmailCore
0x1be99d000 - 0x1be9a1000 FTClientServices arm64 <2f8209bfa2153311b9c3696e683b2646> /System/Library/PrivateFrameworks/FTClientServices.framework/FTClientServices
0x19d4cc000 - 0x19d4d5000 GraphicsServices arm64 <2f8209bfa2153311b9c3696e683b2646> /System/Library/PrivateFrameworks/GraphicsServices.framework/GraphicsServices
0x18e1ac000 - 0x18e219000 IMFoundation arm64 <2f8209bfa2153311b9c3696e683b2646> /System/Library/PrivateFrameworks/IMFoundation.framework/IMFoundation
0x19a521000 - 0x19a710000 Message arm64 <2f8209bfa2153311b9c3696e683b2646> /System/Library/PrivateFrameworks/Message.framework/Message
0x1a6b4e000 - 0x1a6b50000 MessageSupport arm64 <2f8209bfa2153311b9c3696e683b2646> /System/Library/PrivateFrameworks/MessageSupport.framework/MessageSupport
0x1abb26000 - 0x1abb71000 MIME arm64 <2f8209bfa2153311b9c3696e683b2646> /System/Library/PrivateFrameworks/MIME.framework/MIME
0x1b7a04000 - 0x1b7ac5000 PDFKit arm64 <2f8209bfa2153311b9c3696e683b2646> /System/Library/Frameworks/PDFKit.framework/PDFKit
0x1a6f11000 - 0x1a6f2d000 DoNotDisturb arm64 <2f8209bfa2153311b9c3696e683b2646> /System/Library/PrivateFrameworks/DoNotDisturb.framework/DoNotDisturb
0x1ae36b000 - 0x1ae3d1000 PhotosFormats arm64 <2f8209bfa2153311b9c3696e683b2646> /System/Library/PrivateFrameworks/PhotosFormats.framework/PhotosFormats
0x1bcb9c000 - 0x1bcbd9000 ContactsAutocomplete arm64 <2f8209bfa2153311b9c3696e683b2646> /System/Library/PrivateFrameworks/ContactsAutocomplete.framework/ContactsAutocomplete
0x1bdf6e000 - 0x1bdf79000 CoreRecents arm64 <2f8209bfa2153311b9c3696e683b2646> /System/Library/PrivateFrameworks/CoreRecents.framework/CoreRecents
0x1be68e000 - 0x1be699000 EmailAddressing arm64 <2f8209bfa2153311b9c3696e683b2646> /System/Library/PrivateFrameworks/EmailAddressing.framework/EmailAddressing
0x19a710000 - 0x19a788000 EmailFoundation arm64 <2f8209bfa2153311b9c3696e683b2646> /System/Library/PrivateFrameworks/EmailFoundation.framework/EmailFoundation
0x1adf31000 - 0x1adf5f000 MailSupport arm64 <2f8209bfa2153311b9c3696e683b2646> /System/Library/PrivateFrameworks/MailSupport.framework/MailSupport
0x1b784f000 - 0x1b7858000 libGFXShared.dylib arm64 <2f8209bfa2153311b9c3696e683b2646> /System/Library/Frameworks/OpenGLES.framework/libGFXShared.dylib
0x1b0b82000 - 0x1b0baa000 MediaConversionService arm64 <2f8209bfa2153311b9c3696e683b2646> /System/Library/PrivateFrameworks/MediaConversionService.framework/MediaConversionService
0x1bc17a000 - 0x1bc191000 CPAnalytics arm64 <2f8209bfa2153311b9c3696e683b2646> /System/Library/PrivateFrameworks/CPAnalytics.framework/CPAnalytics
0x1b19c9000 - 0x1b19d3000 CloudPhotoServices arm64 <2f8209bfa2153311b9c3696e683b2646> /System/Library/PrivateFrameworks/CloudPhotoServices.framework/CloudPhotoServices
0x1a779e000 - 0x1a77d5000 ImageCaptureCore arm64 <2f8209bfa2153311b9c3696e683b2646> /System/Library/Frameworks/ImageCaptureCore.framework/ImageCaptureCore
0x1c2657000 - 0x1c2694000 PhotosImagingFoundation arm64 <2f8209bfa2153311b9c3696e683b2646> /System/Library/PrivateFrameworks/PhotosImagingFoundation.framework/PhotosImagingFoundation
0x1971e4000 - 0x19722a000 PhotoFoundation arm64 <2f8209bfa2153311b9c3696e683b2646> /System/Library/PrivateFrameworks/PhotoFoundation.framework/PhotoFoundation
0x1a4133000 - 0x1a42a8000 CloudPhotoLibrary arm64 <2f8209bfa2153311b9c3696e683b2646> /System/Library/PrivateFrameworks/CloudPhotoLibrary.framework/CloudPhotoLibrary
0x1b549a000 - 0x1b559c000 CoreMediaStream arm64 <2f8209bfa2153311b9c3696e683b2646> /System/Library/PrivateFrameworks/CoreMediaStream.framework/CoreMediaStream
0x1b4555000 - 0x1b4567000 HangTracer arm64 <2f8209bfa2153311b9c3696e683b2646> /System/Library/PrivateFrameworks/HangTracer.framework/HangTracer
0x1b9a4c000 - 0x1b9a52000 ASEProcessing arm64 <2f8209bfa2153311b9c3696e683b2646> /System/Library/PrivateFrameworks/ASEProcessing.framework/ASEProcessing
0x1b4d3e000 - 0x1b4d62000 libtailspin.dylib arm64 <2f8209bfa2153311b9c3696e683b2646> /usr/lib/libtailspin.dylib
0x1ca8f6000 - 0x1ca90c000 libEDR arm64 <2f8209bfa2153311b9c3696e683b2646> /System/Library/PrivateFrameworks/libEDR.framework/libEDR
0x1b47ce000 - 0x1b47fd000 PlugInKit arm64 <2f8209bfa2153311b9c3696e683b2646> /System/Library/PrivateFrameworks/PlugInKit.framework/PlugInKit
0x1ba7c1000 - 0x1ba7cc000 AppStoreOverlays arm64 <2f8209bfa2153311b9c3696e683b2646> /System/Library/PrivateFrameworks/AppStoreOverlays.framework/AppStoreOverlays
0x19cb06000 - 0x19cb97000 AppStoreDaemon arm64 <2f8209bfa2153311b9c3696e683b2646> /System/Library/PrivateFrameworks/AppStoreDaemon.framework/AppStoreDaemon
0x18b15b000 - 0x18b2a3000 Preferences arm64 <2f8209bfa2153311b9c3696e683b2646> /System/Library/PrivateFrameworks/Preferences.framework/Preferences
0x196c50000 - 0x196ee7000 StoreServices arm64 <2f8209bfa2153311b9c3696e683b2646> /System/Library/PrivateFrameworks/StoreServices.framework/StoreServices
0x1a319b000 - 0x1a32fa000 WebKitLegacy arm64 <2f8209bfa2153311b9c3696e683b2646> /System/Library/PrivateFrameworks/WebKitLegacy.framework/WebKitLegacy
0x1967aa000 - 0x196834000 AuthKit arm64 <2f8209bfa2153311b9c3696e683b2646> /System/Library/PrivateFrameworks/AuthKit.framework/AuthKit
0x1bd61a000 - 0x1bd66f000 CorePrediction arm64 <2f8209bfa2153311b9c3696e683b2646> /System/Library/PrivateFrameworks/CorePrediction.framework/CorePrediction
0x1c777a000 - 0x1c7ea3000 libwebrtc.dylib arm64 <2f8209bfa2153311b9c3696e683b2646> /System/Library/PrivateFrameworks/WebCore.framework/Frameworks/libwebrtc.dylib
0x192d68000 - 0x192db6000 SafariSafeBrowsing arm64 <2f8209bfa2153311b9c3696e683b2646> /System/Library/PrivateFrameworks/SafariSafeBrowsing.framework/SafariSafeBrowsing
0x1900a6000 - 0x190fd9000 JavaScriptCore arm64 <2f8209bfa2153311b9c3696e683b2646> /System/Library/Frameworks/JavaScriptCore.framework/JavaScriptCore
0x1934de000 - 0x19583e000 WebCore arm64 <2f8209bfa2153311b9c3696e683b2646> /System/Library/PrivateFrameworks/WebCore.framework/WebCore
0x1ccaa1000 - 0x1ccad5000 libpcap.A.dylib arm64 <2f8209bfa2153311b9c3696e683b2646> /usr/lib/libpcap.A.dylib
0x1cc27f000 - 0x1cc287000 libdns_services.dylib arm64 <2f8209bfa2153311b9c3696e683b2646> /usr/lib/libdns_services.dylib
0x1cc415000 - 0x1cc42e000 liblzma.5.dylib arm64 <2f8209bfa2153311b9c3696e683b2646> /usr/lib/liblzma.5.dylib
0x1cc2f2000 - 0x1cc3e4000 libiconv.2.dylib arm64 <2f8209bfa2153311b9c3696e683b2646> /usr/lib/libiconv.2.dylib
0x1ac114000 - 0x1ac123000 MobileIcons arm64 <2f8209bfa2153311b9c3696e683b2646> /System/Library/PrivateFrameworks/MobileIcons.framework/MobileIcons
0x19af17000 - 0x19b06d000 Network arm64 <2f8209bfa2153311b9c3696e683b2646> /System/Library/Frameworks/Network.framework/Network
0x1ccaea000 - 0x1ccafc000 libprequelite.dylib arm64 <2f8209bfa2153311b9c3696e683b2646> /usr/lib/libprequelite.dylib
0x1be574000 - 0x1be593000 DocumentManagerCore arm64 <2f8209bfa2153311b9c3696e683b2646> /System/Library/PrivateFrameworks/DocumentManagerCore.framework/DocumentManagerCore
0x19a493000 - 0x19a4a4000 UniformTypeIdentifiers arm64 <2f8209bfa2153311b9c3696e683b2646> /System/Library/Frameworks/UniformTypeIdentifiers.framework/UniformTypeIdentifiers
0x1bfdb1000 - 0x1bfdd0000 GenerationalStorage arm64 <2f8209bfa2153311b9c3696e683b2646> /System/Library/PrivateFrameworks/GenerationalStorage.framework/GenerationalStorage
0x1c5667000 - 0x1c5672000 SymptomDiagnosticReporter arm64 <2f8209bfa2153311b9c3696e683b2646> /System/Library/PrivateFrameworks/SymptomDiagnosticReporter.framework/SymptomDiagnosticReporter
0x1a04be000 - 0x1a04e1000 UserManagement arm64 <2f8209bfa2153311b9c3696e683b2646> /System/Library/PrivateFrameworks/UserManagement.framework/UserManagement
0x18fea2000 - 0x18ffa2000 UIFoundation arm64 <2f8209bfa2153311b9c3696e683b2646> /System/Library/PrivateFrameworks/UIFoundation.framework/UIFoundation
0x1c8432000 - 0x1c8436000 XCTTargetBootstrap arm64 <2f8209bfa2153311b9c3696e683b2646> /System/Library/PrivateFrameworks/XCTTargetBootstrap.framework/XCTTargetBootstrap
0x1cc0b9000 - 0x1cc0bc000 libapp_launch_measurement.dylib arm64 <2f8209bfa2153311b9c3696e683b2646> /usr/lib/libapp_launch_measurement.dylib
0x19b06d000 - 0x19b0a2000 MobileKeyBag arm64 <2f8209bfa2153311b9c3696e683b2646> /System/Library/PrivateFrameworks/MobileKeyBag.framework/MobileKeyBag
0x1c48bc000 - 0x1c48bd000 SignpostMetrics arm64 <2f8209bfa2153311b9c3696e683b2646> /System/Library/PrivateFrameworks/SignpostMetrics.framework/SignpostMetrics
0x1c2793000 - 0x1c279f000 PointerUIServices arm64 <2f8209bfa2153311b9c3696e683b2646> /System/Library/PrivateFrameworks/PointerUIServices.framework/PointerUIServices
0x1ae5e6000 - 0x1ae5ee000 StudyLog arm64 <2f8209bfa2153311b9c3696e683b2646> /System/Library/PrivateFrameworks/StudyLog.framework/StudyLog
0x1aa8f3000 - 0x1aa8fd000 ContextKitExtraction arm64 <2f8209bfa2153311b9c3696e683b2646> /System/Library/PrivateFrameworks/ContextKitExtraction.framework/ContextKitExtraction
0x19f5fb000 - 0x19f618000 CoreMaterial arm64 <2f8209bfa2153311b9c3696e683b2646> /System/Library/PrivateFrameworks/CoreMaterial.framework/CoreMaterial
0x1c2402000 - 0x1c242b000 Pasteboard arm64 <2f8209bfa2153311b9c3696e683b2646> /System/Library/PrivateFrameworks/Pasteboard.framework/Pasteboard
0x1bdff9000 - 0x1be022000 CoreSVG arm64 <2f8209bfa2153311b9c3696e683b2646> /System/Library/PrivateFrameworks/CoreSVG.framework/CoreSVG
0x197c51000 - 0x197c77000 MobileAsset arm64 <2f8209bfa2153311b9c3696e683b2646> /System/Library/PrivateFrameworks/MobileAsset.framework/MobileAsset
0x1c2694000 - 0x1c26e0000 PhysicsKit arm64 <2f8209bfa2153311b9c3696e683b2646> /System/Library/PrivateFrameworks/PhysicsKit.framework/PhysicsKit
0x1a466e000 - 0x1a468d000 PrototypeTools arm64 <2f8209bfa2153311b9c3696e683b2646> /System/Library/PrivateFrameworks/PrototypeTools.framework/PrototypeTools
0x18a7ab000 - 0x18a833000 TextInput arm64 <2f8209bfa2153311b9c3696e683b2646> /System/Library/PrivateFrameworks/TextInput.framework/TextInput
0x18b146000 - 0x18b15b000 UIKitServices arm64 <2f8209bfa2153311b9c3696e683b2646> /System/Library/PrivateFrameworks/UIKitServices.framework/UIKitServices
0x192537000 - 0x1926d0000 CoreUtils arm64 <2f8209bfa2153311b9c3696e683b2646> /System/Library/PrivateFrameworks/CoreUtils.framework/CoreUtils
0x1c5fcc000 - 0x1c607f000 TextureIO arm64 <2f8209bfa2153311b9c3696e683b2646> /System/Library/PrivateFrameworks/TextureIO.framework/TextureIO
0x1b15fd000 - 0x1b1604000 IOAccelerator arm64 <2f8209bfa2153311b9c3696e683b2646> /System/Library/PrivateFrameworks/IOAccelerator.framework/IOAccelerator
0x1b7842000 - 0x1b7849000 libCoreFSCache.dylib arm64 <2f8209bfa2153311b9c3696e683b2646> /System/Library/Frameworks/OpenGLES.framework/libCoreFSCache.dylib
0x1b6c52000 - 0x1b76c8000 ModelIO arm64 <2f8209bfa2153311b9c3696e683b2646> /System/Library/Frameworks/ModelIO.framework/ModelIO
0x1b6786000 - 0x1b679f000 MetalKit arm64 <2f8209bfa2153311b9c3696e683b2646> /System/Library/Frameworks/MetalKit.framework/MetalKit
0x1a63aa000 - 0x1a645a000 CoreSymbolication arm64 <2f8209bfa2153311b9c3696e683b2646> /System/Library/PrivateFrameworks/CoreSymbolication.framework/CoreSymbolication
0x18e84f000 - 0x18e867000 AudioSession arm64 <2f8209bfa2153311b9c3696e683b2646> /System/Library/PrivateFrameworks/AudioSession.framework/AudioSession
0x199dcd000 - 0x199dd6000 InternationalSupport arm64 <2f8209bfa2153311b9c3696e683b2646> /System/Library/PrivateFrameworks/InternationalSupport.framework/InternationalSupport
0x1ba3af000 - 0x1ba489000 AirPlaySync arm64 <2f8209bfa2153311b9c3696e683b2646> /System/Library/PrivateFrameworks/AirPlaySync.framework/AirPlaySync
0x1ae554000 - 0x1ae5e6000 Quagga arm64 <2f8209bfa2153311b9c3696e683b2646> /System/Library/PrivateFrameworks/Quagga.framework/Quagga
0x19f8c7000 - 0x19fbfb000 CMCapture arm64 <2f8209bfa2153311b9c3696e683b2646> /System/Library/PrivateFrameworks/CMCapture.framework/CMCapture
0x1bf13a000 - 0x1bf148000 libhvf.dylib arm64 <2f8209bfa2153311b9c3696e683b2646> /System/Library/PrivateFrameworks/FontServices.framework/libhvf.dylib
0x197c3d000 - 0x197c51000 MSUDataAccessor arm64 <2f8209bfa2153311b9c3696e683b2646> /System/Library/PrivateFrameworks/MSUDataAccessor.framework/MSUDataAccessor
0x1a6b62000 - 0x1a6bc2000 MobileWiFi arm64 <2f8209bfa2153311b9c3696e683b2646> /System/Library/PrivateFrameworks/MobileWiFi.framework/MobileWiFi
0x1ae303000 - 0x1ae335000 Bom arm64 <2f8209bfa2153311b9c3696e683b2646> /System/Library/PrivateFrameworks/Bom.framework/Bom
0x19bafc000 - 0x19bb50000 MPSCore arm64 <2f8209bfa2153311b9c3696e683b2646> /System/Library/Frameworks/MetalPerformanceShaders.framework/Frameworks/MPSCore.framework/MPSCore
0x1b679f000 - 0x1b6825000 MPSImage arm64 <2f8209bfa2153311b9c3696e683b2646> /System/Library/Frameworks/MetalPerformanceShaders.framework/Frameworks/MPSImage.framework/MPSImage
0x19b917000 - 0x19bafc000 MPSNeuralNetwork arm64 <2f8209bfa2153311b9c3696e683b2646> /System/Library/Frameworks/MetalPerformanceShaders.framework/Frameworks/MPSNeuralNetwork.framework/MPSNeuralNetwork
0x1b6825000 - 0x1b684c000 MPSMatrix arm64 <2f8209bfa2153311b9c3696e683b2646> /System/Library/Frameworks/MetalPerformanceShaders.framework/Frameworks/MPSMatrix.framework/MPSMatrix
0x1b6886000 - 0x1b68cf000 MPSRayIntersector arm64 <2f8209bfa2153311b9c3696e683b2646> /System/Library/Frameworks/MetalPerformanceShaders.framework/Frameworks/MPSRayIntersector.framework/MPSRayIntersector
0x1b684c000 - 0x1b6886000 MPSNDArray arm64 <2f8209bfa2153311b9c3696e683b2646> /System/Library/Frameworks/MetalPerformanceShaders.framework/Frameworks/MPSNDArray.framework/MPSNDArray
0x1bc193000 - 0x1bc1a3000 CPMS arm64 <2f8209bfa2153311b9c3696e683b2646> /System/Library/PrivateFrameworks/CPMS.framework/CPMS
0x19f111000 - 0x19f161000 OSAnalytics arm64 <2f8209bfa2153311b9c3696e683b2646> /System/Library/PrivateFrameworks/OSAnalytics.framework/OSAnalytics
0x19b734000 - 0x19b7bf000 Symbolication arm64 <2f8209bfa2153311b9c3696e683b2646> /System/Library/PrivateFrameworks/Symbolication.framework/Symbolication
0x1bb96b000 - 0x1bb98f000 AppleSauce arm64 <2f8209bfa2153311b9c3696e683b2646> /System/Library/PrivateFrameworks/AppleSauce.framework/AppleSauce
0x1bd611000 - 0x1bd61a000 CorePhoneNumbers arm64 <2f8209bfa2153311b9c3696e683b2646> /System/Library/PrivateFrameworks/CorePhoneNumbers.framework/CorePhoneNumbers
0x1c06eb000 - 0x1c06f3000 IdleTimerServices arm64 <2f8209bfa2153311b9c3696e683b2646> /System/Library/PrivateFrameworks/IdleTimerServices.framework/IdleTimerServices
0x19ef6b000 - 0x19ef92000 BoardServices arm64 <2f8209bfa2153311b9c3696e683b2646> /System/Library/PrivateFrameworks/BoardServices.framework/BoardServices
0x18b717000 - 0x18b92d000 CoreDuet arm64 <2f8209bfa2153311b9c3696e683b2646> /System/Library/PrivateFrameworks/CoreDuet.framework/CoreDuet
0x1918d4000 - 0x191921000 CoreDuetContext arm64 <2f8209bfa2153311b9c3696e683b2646> /System/Library/PrivateFrameworks/CoreDuetContext.framework/CoreDuetContext
0x1ba6cf000 - 0x1ba6f1000 AppConduit arm64 <2f8209bfa2153311b9c3696e683b2646> /System/Library/PrivateFrameworks/AppConduit.framework/AppConduit
0x19f4b8000 - 0x19f520000 NanoRegistry arm64 <2f8209bfa2153311b9c3696e683b2646> /System/Library/PrivateFrameworks/NanoRegistry.framework/NanoRegistry
0x19ef4d000 - 0x19ef6b000 ApplePushService arm64 <2f8209bfa2153311b9c3696e683b2646> /System/Library/PrivateFrameworks/ApplePushService.framework/ApplePushService
0x1a58b5000 - 0x1a58ec000 C2 arm64 <2f8209bfa2153311b9c3696e683b2646> /System/Library/PrivateFrameworks/C2.framework/C2
0x1a585d000 - 0x1a58b5000 ProtectedCloudStorage arm64 <2f8209bfa2153311b9c3696e683b2646> /System/Library/PrivateFrameworks/ProtectedCloudStorage.framework/ProtectedCloudStorage
0x1bb94d000 - 0x1bb962000 AppleNeuralEngine arm64 <2f8209bfa2153311b9c3696e683b2646> /System/Library/PrivateFrameworks/AppleNeuralEngine.framework/AppleNeuralEngine
0x1b9700000 - 0x1b997c000 ANECompiler arm64 <2f8209bfa2153311b9c3696e683b2646> /System/Library/PrivateFrameworks/ANECompiler.framework/ANECompiler
0x1b5bea000 - 0x1b5c44000 libvMisc.dylib arm64 <2f8209bfa2153311b9c3696e683b2646> /System/Library/Frameworks/Accelerate.framework/Frameworks/vecLib.framework/libvMisc.dylib
0x19b2d6000 - 0x19b371000 libvDSP.dylib arm64 <2f8209bfa2153311b9c3696e683b2646> /System/Library/Frameworks/Accelerate.framework/Frameworks/vecLib.framework/libvDSP.dylib
0x1b5799000 - 0x1b5849000 libBLAS.dylib arm64 <2f8209bfa2153311b9c3696e683b2646> /System/Library/Frameworks/Accelerate.framework/Frameworks/vecLib.framework/libBLAS.dylib
0x1b5849000 - 0x1b5b5c000 libLAPACK.dylib arm64 <2f8209bfa2153311b9c3696e683b2646> /System/Library/Frameworks/Accelerate.framework/Frameworks/vecLib.framework/libLAPACK.dylib
0x1b5b5c000 - 0x1b5b71000 libLinearAlgebra.dylib arm64 <2f8209bfa2153311b9c3696e683b2646> /System/Library/Frameworks/Accelerate.framework/Frameworks/vecLib.framework/libLinearAlgebra.dylib
0x1b5bd8000 - 0x1b5bea000 libSparseBLAS.dylib arm64 <2f8209bfa2153311b9c3696e683b2646> /System/Library/Frameworks/Accelerate.framework/Frameworks/vecLib.framework/libSparseBLAS.dylib
0x1b5b71000 - 0x1b5b76000 libQuadrature.dylib arm64 <2f8209bfa2153311b9c3696e683b2646> /System/Library/Frameworks/Accelerate.framework/Frameworks/vecLib.framework/libQuadrature.dylib
0x1b4d62000 - 0x1b5189000 libBNNS.dylib arm64 <2f8209bfa2153311b9c3696e683b2646> /System/Library/Frameworks/Accelerate.framework/Frameworks/vecLib.framework/libBNNS.dylib
0x1b5b76000 - 0x1b5bd8000 libSparse.dylib arm64 <2f8209bfa2153311b9c3696e683b2646> /System/Library/Frameworks/Accelerate.framework/Frameworks/vecLib.framework/libSparse.dylib
0x19f3f6000 - 0x19f429000 MobileInstallation arm64 <2f8209bfa2153311b9c3696e683b2646> /System/Library/PrivateFrameworks/MobileInstallation.framework/MobileInstallation
0x1a0867000 - 0x1a089e000 CoreServicesStore arm64 <2f8209bfa2153311b9c3696e683b2646> /System/Library/PrivateFrameworks/CoreServicesStore.framework/CoreServicesStore
0x196834000 - 0x1968c3000 AppleAccount arm64 <2f8209bfa2153311b9c3696e683b2646> /System/Library/PrivateFrameworks/AppleAccount.framework/AppleAccount
0x197bed000 - 0x197c3d000 MobileBackup arm64 <2f8209bfa2153311b9c3696e683b2646> /System/Library/PrivateFrameworks/MobileBackup.framework/MobileBackup
0x1a8ede000 - 0x1a8f39000 ToneLibrary arm64 <2f8209bfa2153311b9c3696e683b2646> /System/Library/PrivateFrameworks/ToneLibrary.framework/ToneLibrary
0x1affa9000 - 0x1affc7000 MediaStream arm64 <2f8209bfa2153311b9c3696e683b2646> /System/Library/PrivateFrameworks/MediaStream.framework/MediaStream
0x199cc0000 - 0x199dcd000 LanguageModeling arm64 <2f8209bfa2153311b9c3696e683b2646> /System/Library/PrivateFrameworks/LanguageModeling.framework/LanguageModeling
0x19bd66000 - 0x19be54000 NLP arm64 <2f8209bfa2153311b9c3696e683b2646> /System/Library/PrivateFrameworks/NLP.framework/NLP
0x1a5668000 - 0x1a5692000 CacheDelete arm64 <2f8209bfa2153311b9c3696e683b2646> /System/Library/PrivateFrameworks/CacheDelete.framework/CacheDelete
0x19b541000 - 0x19b5ca000 CoreNLP arm64 <2f8209bfa2153311b9c3696e683b2646> /System/Library/PrivateFrameworks/CoreNLP.framework/CoreNLP
0x1cc409000 - 0x1cc415000 liblockdown.dylib arm64 <2f8209bfa2153311b9c3696e683b2646> /usr/lib/liblockdown.dylib
0x1cc6d8000 - 0x1cc6eb000 libmis.dylib arm64 <2f8209bfa2153311b9c3696e683b2646> /usr/lib/libmis.dylib
0x1919c7000 - 0x1919d7000 DataMigration arm64 <2f8209bfa2153311b9c3696e683b2646> /System/Library/PrivateFrameworks/DataMigration.framework/DataMigration
0x1be7f3000 - 0x1be7fb000 ExtensionFoundation arm64 <2f8209bfa2153311b9c3696e683b2646> /System/Library/PrivateFrameworks/ExtensionFoundation.framework/ExtensionFoundation
0x19c885000 - 0x19c8e7000 SafariCore arm64 <2f8209bfa2153311b9c3696e683b2646> /System/Library/PrivateFrameworks/SafariCore.framework/SafariCore
0x1bbb39000 - 0x1bbb95000 AuthKitUI arm64 <2f8209bfa2153311b9c3696e683b2646> /System/Library/PrivateFrameworks/AuthKitUI.framework/AuthKitUI
0x1a7a61000 - 0x1a7a7d000 SafariFoundation arm64 <2f8209bfa2153311b9c3696e683b2646> /System/Library/PrivateFrameworks/SafariFoundation.framework/SafariFoundation
0x1a05c8000 - 0x1a05eb000 AppSSO arm64 <2f8209bfa2153311b9c3696e683b2646> /System/Library/PrivateFrameworks/AppSSO.framework/AppSSO
0x1a456c000 - 0x1a45d1000 CallKit arm64 <2f8209bfa2153311b9c3696e683b2646> /System/Library/Frameworks/CallKit.framework/CallKit
0x198d0d000 - 0x198d1d000 AXCoreUtilities arm64 <2f8209bfa2153311b9c3696e683b2646> /System/Library/PrivateFrameworks/AXCoreUtilities.framework/AXCoreUtilities
0x1a7bf0000 - 0x1a7c04000 MaterialKit arm64 <2f8209bfa2153311b9c3696e683b2646> /System/Library/PrivateFrameworks/MaterialKit.framework/MaterialKit
0x1a7d05000 - 0x1a7d16000 CoreAUC arm64 <2f8209bfa2153311b9c3696e683b2646> /System/Library/PrivateFrameworks/CoreAUC.framework/CoreAUC
0x18fdf5000 - 0x18fe45000 CoreHaptics arm64 <2f8209bfa2153311b9c3696e683b2646> /System/Library/Frameworks/CoreHaptics.framework/CoreHaptics
0x1c1ccb000 - 0x1c1ce5000 NetworkStatistics arm64 <2f8209bfa2153311b9c3696e683b2646> /System/Library/PrivateFrameworks/NetworkStatistics.framework/NetworkStatistics
0x1ba58f000 - 0x1ba5ab000 AlgosScoreFramework arm64 <2f8209bfa2153311b9c3696e683b2646> /System/Library/PrivateFrameworks/AlgosScoreFramework.framework/AlgosScoreFramework
0x1c3f3f000 - 0x1c3f51000 RemoteTextInput arm64 <2f8209bfa2153311b9c3696e683b2646> /System/Library/PrivateFrameworks/RemoteTextInput.framework/RemoteTextInput
0x18e219000 - 0x18e31c000 IDS arm64 <2f8209bfa2153311b9c3696e683b2646> /System/Library/PrivateFrameworks/IDS.framework/IDS
0x1ccad5000 - 0x1ccae3000 libperfcheck.dylib arm64 <2f8209bfa2153311b9c3696e683b2646> /usr/lib/libperfcheck.dylib
0x1ae0a6000 - 0x1ae0ff000 CoreLocationProtobuf arm64 <2f8209bfa2153311b9c3696e683b2646> /System/Library/PrivateFrameworks/CoreLocationProtobuf.framework/CoreLocationProtobuf
0x1c2493000 - 0x1c2494000 PhoneNumbers arm64 <2f8209bfa2153311b9c3696e683b2646> /System/Library/PrivateFrameworks/PhoneNumbers.framework/PhoneNumbers
0x1c06bb000 - 0x1c06c5000 IOKitten arm64 <2f8209bfa2153311b9c3696e683b2646> /System/Library/PrivateFrameworks/IOKitten.framework/IOKitten
0x1c2459000 - 0x1c2465000 PersonaKit arm64 <2f8209bfa2153311b9c3696e683b2646> /System/Library/PrivateFrameworks/PersonaKit.framework/PersonaKit
0x1abec8000 - 0x1abf4a000 CoreDAV arm64 <2f8209bfa2153311b9c3696e683b2646> /System/Library/PrivateFrameworks/CoreDAV.framework/CoreDAV
0x1bc63c000 - 0x1bc65e000 CellularPlanManager arm64 <2f8209bfa2153311b9c3696e683b2646> /System/Library/PrivateFrameworks/CellularPlanManager.framework/CellularPlanManager
0x1a3365000 - 0x1a33d5000 ClassKit arm64 <2f8209bfa2153311b9c3696e683b2646> /System/Library/Frameworks/ClassKit.framework/ClassKit
0x195b1a000 - 0x195bbb000 CoreSuggestions arm64 <2f8209bfa2153311b9c3696e683b2646> /System/Library/PrivateFrameworks/CoreSuggestions.framework/CoreSuggestions
0x1ca938000 - 0x1ca967000 vCard arm64 <2f8209bfa2153311b9c3696e683b2646> /System/Library/PrivateFrameworks/vCard.framework/vCard
0x1c07be000 - 0x1c07cb000 IntentsFoundation arm64 <2f8209bfa2153311b9c3696e683b2646> /System/Library/PrivateFrameworks/IntentsFoundation.framework/IntentsFoundation
0x19eeb7000 - 0x19ef22000 ProactiveSupport arm64 <2f8209bfa2153311b9c3696e683b2646> /System/Library/PrivateFrameworks/ProactiveSupport.framework/ProactiveSupport
0x1b0cf8000 - 0x1b0e35000 CoreHandwriting arm64 <2f8209bfa2153311b9c3696e683b2646> /System/Library/PrivateFrameworks/CoreHandwriting.framework/CoreHandwriting
0x19aa33000 - 0x19ab98000 SearchFoundation arm64 <2f8209bfa2153311b9c3696e683b2646> /System/Library/PrivateFrameworks/SearchFoundation.framework/SearchFoundation
0x1a7923000 - 0x1a7a61000 Navigation arm64 <2f8209bfa2153311b9c3696e683b2646> /System/Library/PrivateFrameworks/Navigation.framework/Navigation
0x195fe1000 - 0x1967aa000 VectorKit arm64 <2f8209bfa2153311b9c3696e683b2646> /System/Library/PrivateFrameworks/VectorKit.framework/VectorKit
0x1bb865000 - 0x1bb875000 AppleFSCompression arm64 <2f8209bfa2153311b9c3696e683b2646> /System/Library/PrivateFrameworks/AppleFSCompression.framework/AppleFSCompression
0x1ad959000 - 0x1ad9a4000 MetadataUtilities arm64 <2f8209bfa2153311b9c3696e683b2646> /System/Library/PrivateFrameworks/MetadataUtilities.framework/MetadataUtilities
0x1a0aaa000 - 0x1a0aba000 NanoPreferencesSync arm64 <2f8209bfa2153311b9c3696e683b2646> /System/Library/PrivateFrameworks/NanoPreferencesSync.framework/NanoPreferencesSync
0x1be1cf000 - 0x1be1d4000 DAAPKit arm64 <2f8209bfa2153311b9c3696e683b2646> /System/Library/PrivateFrameworks/DAAPKit.framework/DAAPKit
0x1c56a2000 - 0x1c56be000 SymptomPresentationFeed arm64 <2f8209bfa2153311b9c3696e683b2646> /System/Library/PrivateFrameworks/Symptoms.framework/Frameworks/SymptomPresentationFeed.framework/SymptomPresentationFeed
0x1a03a2000 - 0x1a03e5000 CryptoTokenKit arm64 <2f8209bfa2153311b9c3696e683b2646> /System/Library/Frameworks/CryptoTokenKit.framework/CryptoTokenKit
0x1bedbc000 - 0x1bedc2000 FeatureFlagsSupport arm64 <2f8209bfa2153311b9c3696e683b2646> /System/Library/PrivateFrameworks/FeatureFlagsSupport.framework/FeatureFlagsSupport
0x1b156f000 - 0x1b1586000 LocalAuthentication arm64 <2f8209bfa2153311b9c3696e683b2646> /System/Library/Frameworks/LocalAuthentication.framework/LocalAuthentication
0x19be54000 - 0x19be7c000 AppSupportUI arm64 <2f8209bfa2153311b9c3696e683b2646> /System/Library/PrivateFrameworks/AppSupportUI.framework/AppSupportUI
0x1c2465000 - 0x1c2472000 PersonaUI arm64 <2f8209bfa2153311b9c3696e683b2646> /System/Library/PrivateFrameworks/PersonaUI.framework/PersonaUI
0x1bcabb000 - 0x1bcac0000 CommunicationsFilter arm64 <2f8209bfa2153311b9c3696e683b2646> /System/Library/PrivateFrameworks/CommunicationsFilter.framework/CommunicationsFilter
0x1a76cd000 - 0x1a76e3000 ContactsDonation arm64 <2f8209bfa2153311b9c3696e683b2646> /System/Library/PrivateFrameworks/ContactsDonation.framework/ContactsDonation
0x1b2191000 - 0x1b21ca000 EmojiFoundation arm64 <2f8209bfa2153311b9c3696e683b2646> /System/Library/PrivateFrameworks/EmojiFoundation.framework/EmojiFoundation
0x1bcbde000 - 0x1bcc4f000 ContactsUICore arm64 <2f8209bfa2153311b9c3696e683b2646> /System/Library/PrivateFrameworks/ContactsUICore.framework/ContactsUICore
0x1926d0000 - 0x1926e6000 FamilyCircle arm64 <2f8209bfa2153311b9c3696e683b2646> /System/Library/PrivateFrameworks/FamilyCircle.framework/FamilyCircle
0x198bce000 - 0x198c1b000 OnBoardingKit arm64 <2f8209bfa2153311b9c3696e683b2646> /System/Library/PrivateFrameworks/OnBoardingKit.framework/OnBoardingKit
0x1bcf47000 - 0x1bcf5a000 CoreEmoji arm64 <2f8209bfa2153311b9c3696e683b2646> /System/Library/PrivateFrameworks/CoreEmoji.framework/CoreEmoji
0x19f3b3000 - 0x19f3f6000 TemplateKit arm64 <2f8209bfa2153311b9c3696e683b2646> /System/Library/PrivateFrameworks/TemplateKit.framework/TemplateKit
0x1be46d000 - 0x1be539000 DocumentCamera arm64 <2f8209bfa2153311b9c3696e683b2646> /System/Library/PrivateFrameworks/DocumentCamera.framework/DocumentCamera
0x1b6492000 - 0x1b64c0000 GSS arm64 <2f8209bfa2153311b9c3696e683b2646> /System/Library/Frameworks/GSS.framework/GSS
0x1c0ca8000 - 0x1c0ca9000 Marco arm64 <2f8209bfa2153311b9c3696e683b2646> /System/Library/PrivateFrameworks/Marco.framework/Marco
0x19be84000 - 0x19bed7000 FTServices arm64 <2f8209bfa2153311b9c3696e683b2646> /System/Library/PrivateFrameworks/FTServices.framework/FTServices
0x1bc676000 - 0x1bc67f000 CertUI arm64 <2f8209bfa2153311b9c3696e683b2646> /System/Library/PrivateFrameworks/CertUI.framework/CertUI
0x19ee5d000 - 0x19eeb7000 DataAccess arm64 <2f8209bfa2153311b9c3696e683b2646> /System/Library/PrivateFrameworks/DataAccess.framework/DataAccess
0x1ad79b000 - 0x1ad959000 EmailDaemon arm64 <2f8209bfa2153311b9c3696e683b2646> /System/Library/PrivateFrameworks/EmailDaemon.framework/EmailDaemon
0x1bd557000 - 0x1bd611000 CorePDF arm64 <2f8209bfa2153311b9c3696e683b2646> /System/Library/PrivateFrameworks/CorePDF.framework/CorePDF
0x1c3fec000 - 0x1c3ff1000 RevealCore arm64 <2f8209bfa2153311b9c3696e683b2646> /System/Library/PrivateFrameworks/RevealCore.framework/RevealCore
0x1a6f93000 - 0x1a703a000 MMCS arm64 <2f8209bfa2153311b9c3696e683b2646> /System/Library/PrivateFrameworks/MMCS.framework/MMCS
0x187801000 - 0x18784a000 WirelessDiagnostics arm64 <2f8209bfa2153311b9c3696e683b2646> /System/Library/PrivateFrameworks/WirelessDiagnostics.framework/WirelessDiagnostics
0x1a709c000 - 0x1a70d6000 libGLImage.dylib arm64 <2f8209bfa2153311b9c3696e683b2646> /System/Library/Frameworks/OpenGLES.framework/libGLImage.dylib
0x1c48b2000 - 0x1c48bc000 SignpostCollection arm64 <2f8209bfa2153311b9c3696e683b2646> /System/Library/PrivateFrameworks/SignpostCollection.framework/SignpostCollection
0x1a2d68000 - 0x1a2dbe000 ktrace arm64 <2f8209bfa2153311b9c3696e683b2646> /System/Library/PrivateFrameworks/ktrace.framework/ktrace
0x1b4715000 - 0x1b47ce000 SampleAnalysis arm64 <2f8209bfa2153311b9c3696e683b2646> /System/Library/PrivateFrameworks/SampleAnalysis.framework/SampleAnalysis
0x1ca8ed000 - 0x1ca8f6000 kperfdata arm64 <2f8209bfa2153311b9c3696e683b2646> /System/Library/PrivateFrameworks/kperfdata.framework/kperfdata
0x1b4548000 - 0x1b4555000 libdscsym.dylib arm64 <2f8209bfa2153311b9c3696e683b2646> /usr/lib/libdscsym.dylib
0x1bcdc9000 - 0x1bcebb000 CoreBrightness arm64 <2f8209bfa2153311b9c3696e683b2646> /System/Library/PrivateFrameworks/CoreBrightness.framework/CoreBrightness
0x1a8510000 - 0x1a8521000 SettingsFoundation arm64 <2f8209bfa2153311b9c3696e683b2646> /System/Library/PrivateFrameworks/SettingsFoundation.framework/SettingsFoundation
0x1bbeda000 - 0x1bbeea000 BluetoothManager arm64 <2f8209bfa2153311b9c3696e683b2646> /System/Library/PrivateFrameworks/BluetoothManager.framework/BluetoothManager
0x1b3094000 - 0x1b30b9000 NetAppsUtilities arm64 <2f8209bfa2153311b9c3696e683b2646> /System/Library/PrivateFrameworks/NetAppsUtilities.framework/NetAppsUtilities
0x197c87000 - 0x197ec3000 NetworkExtension arm64 <2f8209bfa2153311b9c3696e683b2646> /System/Library/Frameworks/NetworkExtension.framework/NetworkExtension
0x1cb2ca000 - 0x1cb304000 libAWDSupport.dylib arm64 <2f8209bfa2153311b9c3696e683b2646> /usr/lib/libAWDSupport.dylib
0x1ccc2d000 - 0x1ccc31000 libutil.dylib arm64 <2f8209bfa2153311b9c3696e683b2646> /usr/lib/libutil.dylib
0x1c1c09000 - 0x1c1c10000 Netrb arm64 <2f8209bfa2153311b9c3696e683b2646> /System/Library/PrivateFrameworks/Netrb.framework/Netrb
0x1a6336000 - 0x1a6378000 BiometricKit arm64 <2f8209bfa2153311b9c3696e683b2646> /System/Library/PrivateFrameworks/BiometricKit.framework/BiometricKit
0x1a9809000 - 0x1a9845000 ExposureNotification arm64 <2f8209bfa2153311b9c3696e683b2646> /System/Library/Frameworks/ExposureNotification.framework/ExposureNotification
0x1be2b4000 - 0x1be2c4000 DeviceIdentity arm64 <2f8209bfa2153311b9c3696e683b2646> /System/Library/PrivateFrameworks/DeviceIdentity.framework/DeviceIdentity
0x1b1555000 - 0x1b1561000 AppleIDAuthSupport arm64 <2f8209bfa2153311b9c3696e683b2646> /System/Library/PrivateFrameworks/AppleIDAuthSupport.framework/AppleIDAuthSupport
0x1bd552000 - 0x1bd557000 CoreOptimization arm64 <2f8209bfa2153311b9c3696e683b2646> /System/Library/PrivateFrameworks/CoreOptimization.framework/CoreOptimization
0x1bc1a3000 - 0x1bc1b3000 CTCarrierSpace arm64 <2f8209bfa2153311b9c3696e683b2646> /System/Library/PrivateFrameworks/CTCarrierSpace.framework/CTCarrierSpace
0x1cc212000 - 0x1cc213000 libcharset.1.dylib arm64 <2f8209bfa2153311b9c3696e683b2646> /usr/lib/libcharset.1.dylib
0x1bc687000 - 0x1bc6d6000 ChunkingLibrary arm64 <2f8209bfa2153311b9c3696e683b2646> /System/Library/PrivateFrameworks/ChunkingLibrary.framework/ChunkingLibrary
0x1b9994000 - 0x1b9a4c000 APFS arm64 <2f8209bfa2153311b9c3696e683b2646> /System/Library/PrivateFrameworks/APFS.framework/APFS
0x1be616000 - 0x1be619000 DragUI arm64 <2f8209bfa2153311b9c3696e683b2646> /System/Library/PrivateFrameworks/DragUI.framework/DragUI
0x1c5622000 - 0x1c5660000 StreamingZip arm64 <2f8209bfa2153311b9c3696e683b2646> /System/Library/PrivateFrameworks/StreamingZip.framework/StreamingZip
0x1bcb8f000 - 0x1bcb93000 ConstantClasses arm64 <2f8209bfa2153311b9c3696e683b2646> /System/Library/PrivateFrameworks/ConstantClasses.framework/ConstantClasses
0x1a9730000 - 0x1a973e000 MediaSafetyNet arm64 <2f8209bfa2153311b9c3696e683b2646> /System/Library/PrivateFrameworks/MediaSafetyNet.framework/MediaSafetyNet
0x1bc4b6000 - 0x1bc4c2000 CaptiveNetwork arm64 <2f8209bfa2153311b9c3696e683b2646> /System/Library/PrivateFrameworks/CaptiveNetwork.framework/CaptiveNetwork
0x1be647000 - 0x1be678000 EAP8021X arm64 <2f8209bfa2153311b9c3696e683b2646> /System/Library/PrivateFrameworks/EAP8021X.framework/EAP8021X
0x1c1696000 - 0x1c175f000 MetalTools arm64 <2f8209bfa2153311b9c3696e683b2646> /System/Library/PrivateFrameworks/MetalTools.framework/MetalTools
0x1a5857000 - 0x1a585a000 OSAServicesClient arm64 <2f8209bfa2153311b9c3696e683b2646> /System/Library/PrivateFrameworks/OSAServicesClient.framework/OSAServicesClient
0x1ad72e000 - 0x1ad739000 MallocStackLogging arm64 <2f8209bfa2153311b9c3696e683b2646> /System/Library/PrivateFrameworks/MallocStackLogging.framework/MallocStackLogging
0x1bcf36000 - 0x1bcf39000 CoreDuetDebugLogging arm64 <2f8209bfa2153311b9c3696e683b2646> /System/Library/PrivateFrameworks/CoreDuetDebugLogging.framework/CoreDuetDebugLogging
0x1bcf24000 - 0x1bcf34000 CoreDuetDaemonProtocol arm64 <2f8209bfa2153311b9c3696e683b2646> /System/Library/PrivateFrameworks/CoreDuetDaemonProtocol.framework/CoreDuetDaemonProtocol
0x1a5100000 - 0x1a5173000 Rapport arm64 <2f8209bfa2153311b9c3696e683b2646> /System/Library/PrivateFrameworks/Rapport.framework/Rapport
0x1c1873000 - 0x1c187a000 MobileSystemServices arm64 <2f8209bfa2153311b9c3696e683b2646> /System/Library/PrivateFrameworks/MobileSystemServices.framework/MobileSystemServices
0x1a9e95000 - 0x1a9e9f000 CoreTime arm64 <2f8209bfa2153311b9c3696e683b2646> /System/Library/PrivateFrameworks/CoreTime.framework/CoreTime
0x1cc2ec000 - 0x1cc2f2000 libheimdal-asn1.dylib arm64 <2f8209bfa2153311b9c3696e683b2646> /usr/lib/libheimdal-asn1.dylib
0x1b997c000 - 0x1b9990000 ANEServices arm64 <2f8209bfa2153311b9c3696e683b2646> /System/Library/PrivateFrameworks/ANEServices.framework/ANEServices
0x1ccbe3000 - 0x1ccbe6000 libsandbox.1.dylib arm64 <2f8209bfa2153311b9c3696e683b2646> /usr/lib/libsandbox.1.dylib
0x19ad78000 - 0x19adb7000 SetupAssistant arm64 <2f8209bfa2153311b9c3696e683b2646> /System/Library/PrivateFrameworks/SetupAssistant.framework/SetupAssistant
0x19c20d000 - 0x19c235000 CloudServices arm64 <2f8209bfa2153311b9c3696e683b2646> /System/Library/PrivateFrameworks/CloudServices.framework/CloudServices
0x1bb881000 - 0x1bb88f000 AppleIDSSOAuthentication arm64 <2f8209bfa2153311b9c3696e683b2646> /System/Library/PrivateFrameworks/AppleIDSSOAuthentication.framework/AppleIDSSOAuthentication
0x1c0a65000 - 0x1c0a6c000 LinguisticData arm64 <2f8209bfa2153311b9c3696e683b2646> /System/Library/PrivateFrameworks/LinguisticData.framework/LinguisticData
0x191821000 - 0x19186b000 Lexicon arm64 <2f8209bfa2153311b9c3696e683b2646> /System/Library/PrivateFrameworks/Lexicon.framework/Lexicon
0x1cc213000 - 0x1cc225000 libcmph.dylib arm64 <2f8209bfa2153311b9c3696e683b2646> /usr/lib/libcmph.dylib
0x199b50000 - 0x199cc0000 Montreal arm64 <2f8209bfa2153311b9c3696e683b2646> /System/Library/PrivateFrameworks/Montreal.framework/Montreal
0x1be974000 - 0x1be97d000 FSEvents arm64 <2f8209bfa2153311b9c3696e683b2646> /System/Library/PrivateFrameworks/FSEvents.framework/FSEvents
0x1cc45b000 - 0x1cc4af000 libmecab.dylib arm64 <2f8209bfa2153311b9c3696e683b2646> /usr/lib/libmecab.dylib
0x1b661a000 - 0x1b6762000 MLCompute arm64 <2f8209bfa2153311b9c3696e683b2646> /System/Library/Frameworks/MLCompute.framework/MLCompute
0x1cc2e7000 - 0x1cc2ec000 libgermantok.dylib arm64 <2f8209bfa2153311b9c3696e683b2646> /usr/lib/libgermantok.dylib
0x1cbe4c000 - 0x1cbe52000 libThaiTokenizer.dylib arm64 <2f8209bfa2153311b9c3696e683b2646> /usr/lib/libThaiTokenizer.dylib
0x1cba0d000 - 0x1cba18000 libChineseTokenizer.dylib arm64 <2f8209bfa2153311b9c3696e683b2646> /usr/lib/libChineseTokenizer.dylib
0x1a58ec000 - 0x1a593f000 DifferentialPrivacy arm64 <2f8209bfa2153311b9c3696e683b2646> /System/Library/PrivateFrameworks/DifferentialPrivacy.framework/DifferentialPrivacy
0x1c0ab9000 - 0x1c0af2000 LocalAuthenticationPrivateUI arm64 <2f8209bfa2153311b9c3696e683b2646> /System/Library/PrivateFrameworks/LocalAuthenticationPrivateUI.framework/LocalAuthenticationPrivateUI
0x1c3f51000 - 0x1c3fb7000 RemoteUI arm64 <2f8209bfa2153311b9c3696e683b2646> /System/Library/PrivateFrameworks/RemoteUI.framework/RemoteUI
0x1a05eb000 - 0x1a0608000 SharedWebCredentials arm64 <2f8209bfa2153311b9c3696e683b2646> /System/Library/PrivateFrameworks/SharedWebCredentials.framework/SharedWebCredentials
0x19b2c2000 - 0x19b2d6000 BaseBoardUI arm64 <2f8209bfa2153311b9c3696e683b2646> /System/Library/PrivateFrameworks/BaseBoardUI.framework/BaseBoardUI
0x1958b7000 - 0x195a1d000 IDSFoundation arm64 <2f8209bfa2153311b9c3696e683b2646> /System/Library/PrivateFrameworks/IDSFoundation.framework/IDSFoundation
0x1be6a6000 - 0x1be6bb000 Engram arm64 <2f8209bfa2153311b9c3696e683b2646> /System/Library/PrivateFrameworks/Engram.framework/Engram
0x1ca927000 - 0x1ca938000 perfdata arm64 <2f8209bfa2153311b9c3696e683b2646> /System/Library/PrivateFrameworks/perfdata.framework/perfdata
0x19a4a4000 - 0x19a521000 CloudDocs arm64 <2f8209bfa2153311b9c3696e683b2646> /System/Library/PrivateFrameworks/CloudDocs.framework/CloudDocs
0x1b7ad3000 - 0x1b7b0f000 QuickLookThumbnailing arm64 <2f8209bfa2153311b9c3696e683b2646> /System/Library/Frameworks/QuickLookThumbnailing.framework/QuickLookThumbnailing
0x1be215000 - 0x1be252000 DataDetectorsNaturalLanguage arm64 <2f8209bfa2153311b9c3696e683b2646> /System/Library/PrivateFrameworks/DataDetectorsNaturalLanguage.framework/DataDetectorsNaturalLanguage
0x1c07e4000 - 0x1c07e8000 InternationalTextSearch arm64 <2f8209bfa2153311b9c3696e683b2646> /System/Library/PrivateFrameworks/InternationalTextSearch.framework/InternationalTextSearch
0x1c3c0a000 - 0x1c3c15000 RTCReporting arm64 <2f8209bfa2153311b9c3696e683b2646> /System/Library/PrivateFrameworks/RTCReporting.framework/RTCReporting
0x1ac4ed000 - 0x1ac5be000 ProofReader arm64 <2f8209bfa2153311b9c3696e683b2646> /System/Library/PrivateFrameworks/ProofReader.framework/ProofReader
0x1a5692000 - 0x1a570c000 CVNLP arm64 <2f8209bfa2153311b9c3696e683b2646> /System/Library/PrivateFrameworks/CVNLP.framework/CVNLP
0x1cc4af000 - 0x1cc6d8000 libmecabra.dylib arm64 <2f8209bfa2153311b9c3696e683b2646> /usr/lib/libmecabra.dylib
0x1b3064000 - 0x1b3094000 VirtualGarage arm64 <2f8209bfa2153311b9c3696e683b2646> /System/Library/PrivateFrameworks/VirtualGarage.framework/VirtualGarage
0x19d488000 - 0x19d4cc000 VoiceServices arm64 <2f8209bfa2153311b9c3696e683b2646> /System/Library/PrivateFrameworks/VoiceServices.framework/VoiceServices
0x1a08c3000 - 0x1a08cf000 SymptomAnalytics arm64 <2f8209bfa2153311b9c3696e683b2646> /System/Library/PrivateFrameworks/Symptoms.framework/Frameworks/SymptomAnalytics.framework/SymptomAnalytics
0x1b5189000 - 0x1b51c9000 SharedUtils arm64 <2f8209bfa2153311b9c3696e683b2646> /System/Library/Frameworks/LocalAuthentication.framework/Support/SharedUtils.framework/SharedUtils
0x1a50e9000 - 0x1a5100000 CoreFollowUp arm64 <2f8209bfa2153311b9c3696e683b2646> /System/Library/PrivateFrameworks/CoreFollowUp.framework/CoreFollowUp
0x19ebcb000 - 0x19ee5d000 Vision arm64 <2f8209bfa2153311b9c3696e683b2646> /System/Library/Frameworks/Vision.framework/Vision
0x1c005b000 - 0x1c00cc000 Heimdal arm64 <2f8209bfa2153311b9c3696e683b2646> /System/Library/PrivateFrameworks/Heimdal.framework/Heimdal
0x1bcab3000 - 0x1bcabb000 CommonAuth arm64 <2f8209bfa2153311b9c3696e683b2646> /System/Library/PrivateFrameworks/CommonAuth.framework/CommonAuth
0x1be97d000 - 0x1be99d000 FTAWD arm64 <2f8209bfa2153311b9c3696e683b2646> /System/Library/PrivateFrameworks/FTAWD.framework/FTAWD
0x19a1fb000 - 0x19a244000 Notes arm64 <2f8209bfa2153311b9c3696e683b2646> /System/Library/PrivateFrameworks/Notes.framework/Notes
0x1af519000 - 0x1af559000 NaturalLanguage arm64 <2f8209bfa2153311b9c3696e683b2646> /System/Library/Frameworks/NaturalLanguage.framework/NaturalLanguage
0x1bb9bd000 - 0x1bb9db000 AssetCacheServices arm64 <2f8209bfa2153311b9c3696e683b2646> /System/Library/PrivateFrameworks/AssetCacheServices.framework/AssetCacheServices
0x1cb304000 - 0x1cb6b5000 libAWDSupportFramework.dylib arm64 <2f8209bfa2153311b9c3696e683b2646> /usr/lib/libAWDSupportFramework.dylib
0x1ccafc000 - 0x1ccb0e000 libprotobuf-lite.dylib arm64 <2f8209bfa2153311b9c3696e683b2646> /usr/lib/libprotobuf-lite.dylib
0x1ccb0e000 - 0x1ccb6d000 libprotobuf.dylib arm64 <2f8209bfa2153311b9c3696e683b2646> /usr/lib/libprotobuf.dylib
0x1b7840000 - 0x1b7842000 libCVMSPluginSupport.dylib arm64 <2f8209bfa2153311b9c3696e683b2646> /System/Library/Frameworks/OpenGLES.framework/libCVMSPluginSupport.dylib
0x1c48be000 - 0x1c48fd000 SignpostSupport arm64 <2f8209bfa2153311b9c3696e683b2646> /System/Library/PrivateFrameworks/SignpostSupport.framework/SignpostSupport
0x19aca5000 - 0x19ad05000 LoggingSupport arm64 <2f8209bfa2153311b9c3696e683b2646> /System/Library/PrivateFrameworks/LoggingSupport.framework/LoggingSupport
0x1ca8e7000 - 0x1ca8ed000 kperf arm64 <2f8209bfa2153311b9c3696e683b2646> /System/Library/PrivateFrameworks/kperf.framework/kperf
0x1b963d000 - 0x1b9641000 AFKUser arm64 <2f8209bfa2153311b9c3696e683b2646> /System/Library/PrivateFrameworks/AFKUser.framework/AFKUser
0x1cbcb4000 - 0x1cbcbc000 libIOReport.dylib arm64 <2f8209bfa2153311b9c3696e683b2646> /usr/lib/libIOReport.dylib
0x1bfe13000 - 0x1bfe1f000 HID arm64 <2f8209bfa2153311b9c3696e683b2646> /System/Library/PrivateFrameworks/HID.framework/HID
0x1cc6eb000 - 0x1cc701000 libnetworkextension.dylib arm64 <2f8209bfa2153311b9c3696e683b2646> /usr/lib/libnetworkextension.dylib
0x1cbd31000 - 0x1cbd39000 libMatch.1.dylib arm64 <2f8209bfa2153311b9c3696e683b2646> /usr/lib/libMatch.1.dylib
0x1b2f5b000 - 0x1b2f6a000 SetupAssistantSupport arm64 <2f8209bfa2153311b9c3696e683b2646> /System/Library/PrivateFrameworks/SetupAssistantSupport.framework/SetupAssistantSupport
0x19adb7000 - 0x19add0000 OctagonTrust arm64 <2f8209bfa2153311b9c3696e683b2646> /System/Library/PrivateFrameworks/OctagonTrust.framework/OctagonTrust
0x19fd45000 - 0x19ff96000 MobileSpotlightIndex arm64 <2f8209bfa2153311b9c3696e683b2646> /System/Library/PrivateFrameworks/MobileSpotlightIndex.framework/MobileSpotlightIndex
0x1b2089000 - 0x1b2191000 ResponseKit arm64 <2f8209bfa2153311b9c3696e683b2646> /System/Library/PrivateFrameworks/ResponseKit.framework/ResponseKit
0x1a76e3000 - 0x1a7701000 IntentsCore arm64 <2f8209bfa2153311b9c3696e683b2646> /System/Library/PrivateFrameworks/IntentsCore.framework/IntentsCore
0x1b643f000 - 0x1b6456000 ExternalAccessory arm64 <2f8209bfa2153311b9c3696e683b2646> /System/Library/Frameworks/ExternalAccessory.framework/ExternalAccessory
0x1b298f000 - 0x1b2f5b000 SiriTTS arm64 <2f8209bfa2153311b9c3696e683b2646> /System/Library/PrivateFrameworks/SiriTTS.framework/SiriTTS
0x1b84d1000 - 0x1b90a8000 libfaceCore.dylib arm64 <2f8209bfa2153311b9c3696e683b2646> /System/Library/Frameworks/Vision.framework/libfaceCore.dylib
0x1bf16d000 - 0x1bf185000 Futhark arm64 <2f8209bfa2153311b9c3696e683b2646> /System/Library/PrivateFrameworks/Futhark.framework/Futhark
0x1aa7f6000 - 0x1aa8f3000 TextRecognition arm64 <2f8209bfa2153311b9c3696e683b2646> /System/Library/PrivateFrameworks/TextRecognition.framework/TextRecognition
0x1b7849000 - 0x1b784f000 libCoreVMClient.dylib arm64 <2f8209bfa2153311b9c3696e683b2646> /System/Library/Frameworks/OpenGLES.framework/libCoreVMClient.dylib
0x1ce15a000 - 0x1ce16d000 SpotlightLinguistics arm64 <2f8209bfa2153311b9c3696e683b2646> /System/Library/PrivateFrameworks/SpotlightLinguistics.framework/SpotlightLinguistics
0x1a2d50000 - 0x1a2d68000 IAP arm64 <2f8209bfa2153311b9c3696e683b2646> /System/Library/PrivateFrameworks/IAP.framework/IAP
0x1cc287000 - 0x1cc2a4000 libedit.3.dylib arm64 <2f8209bfa2153311b9c3696e683b2646> /usr/lib/libedit.3.dylib
0x19f0e1000 - 0x19f111000 libncurses.5.4.dylib arm64 <2f8209bfa2153311b9c3696e683b2646> /usr/lib/libncurses.5.4.dylib
0x19bed7000 - 0x19bf84000 libboringssl.dylib arm64 <2f8209bfa2153311b9c3696e683b2646> /usr/lib/libboringssl.dylib
0x1a50c9000 - 0x1a50df000 AppSSOCore arm64 <2f8209bfa2153311b9c3696e683b2646> /System/Library/PrivateFrameworks/AppSSOCore.framework/AppSSOCore
0x111af0000 - 0x111afc000 libobjc-trampolines.dylib arm64 <2f8209bfa2153311b9c3696e683b2646> /usr/lib/libobjc-trampolines.dylib
0x18a833000 - 0x18a89b000 libusrtcp.dylib arm64 <2f8209bfa2153311b9c3696e683b2646> /usr/lib/libusrtcp.dylib
0x19c854000 - 0x19c885000 CoreServicesInternal arm64 <2f8209bfa2153311b9c3696e683b2646> /System/Library/PrivateFrameworks/CoreServicesInternal.framework/CoreServicesInternal
0x1ccb6d000 - 0x1ccbcb000 libquic.dylib arm64 <2f8209bfa2153311b9c3696e683b2646> /usr/lib/libquic.dylib
0x1ccd8a000 - 0x1ccd8d000 liblog_network.dylib arm64 <2f8209bfa2153311b9c3696e683b2646> /usr/lib/log/liblog_network.dylib
0x111b7c000 - 0x111b90000 tool_box_fb_module arm64 <2f8209bfa2153311b9c3696e683b2646> /private/var/containers/Bundle/Application/0F59523E-4D7C-44B5-8D15-103144B915BD/WeMeetApp.app/Frameworks/tool_box_fb_module.framework/tool_box_fb_module
0x111c0c000 - 0x111c24000 tool_box_idea_module arm64 <2f8209bfa2153311b9c3696e683b2646> /private/var/containers/Bundle/Application/0F59523E-4D7C-44B5-8D15-103144B915BD/WeMeetApp.app/Frameworks/tool_box_idea_module.framework/tool_box_idea_module
0x111c68000 - 0x111c84000 video_beauty_module arm64 <2f8209bfa2153311b9c3696e683b2646> /private/var/containers/Bundle/Application/0F59523E-4D7C-44B5-8D15-103144B915BD/WeMeetApp.app/Frameworks/video_beauty_module.framework/video_beauty_module
0x111cd0000 - 0x111d08000 sim_interpret_module arm64 <2f8209bfa2153311b9c3696e683b2646> /private/var/containers/Bundle/Application/0F59523E-4D7C-44B5-8D15-103144B915BD/WeMeetApp.app/Frameworks/sim_interpret_module.framework/sim_interpret_module
0x111da4000 - 0x111de0000 audio_module arm64 <2f8209bfa2153311b9c3696e683b2646> /private/var/containers/Bundle/Application/0F59523E-4D7C-44B5-8D15-103144B915BD/WeMeetApp.app/Frameworks/audio_module.framework/audio_module
0x111e68000 - 0x111e84000 virtual_bk_module arm64 <2f8209bfa2153311b9c3696e683b2646> /private/var/containers/Bundle/Application/0F59523E-4D7C-44B5-8D15-103144B915BD/WeMeetApp.app/Frameworks/virtual_bk_module.framework/virtual_bk_module
0x111ed4000 - 0x111ef4000 chat_module arm64 <2f8209bfa2153311b9c3696e683b2646> /private/var/containers/Bundle/Application/0F59523E-4D7C-44B5-8D15-103144B915BD/WeMeetApp.app/Frameworks/chat_module.framework/chat_module
0x111fb0000 - 0x112054000 schedule_meeting_module arm64 <2f8209bfa2153311b9c3696e683b2646> /private/var/containers/Bundle/Application/0F59523E-4D7C-44B5-8D15-103144B915BD/WeMeetApp.app/Frameworks/schedule_meeting_module.framework/schedule_meeting_module
0x112170000 - 0x112198000 docs_module arm64 <2f8209bfa2153311b9c3696e683b2646> /private/var/containers/Bundle/Application/0F59523E-4D7C-44B5-8D15-103144B915BD/WeMeetApp.app/Frameworks/docs_module.framework/docs_module
0x1121f8000 - 0x112218000 safety_module arm64 <2f8209bfa2153311b9c3696e683b2646> /private/var/containers/Bundle/Application/0F59523E-4D7C-44B5-8D15-103144B915BD/WeMeetApp.app/Frameworks/safety_module.framework/safety_module
0x112274000 - 0x112298000 video_module arm64 <2f8209bfa2153311b9c3696e683b2646> /private/var/containers/Bundle/Application/0F59523E-4D7C-44B5-8D15-103144B915BD/WeMeetApp.app/Frameworks/video_module.framework/video_module
0x1122f0000 - 0x112318000 debug_assistant_module arm64 <2f8209bfa2153311b9c3696e683b2646> /private/var/containers/Bundle/Application/0F59523E-4D7C-44B5-8D15-103144B915BD/WeMeetApp.app/Frameworks/debug_assistant_module.framework/debug_assistant_module
0x112464000 - 0x1124cc000 screen_share_module arm64 <2f8209bfa2153311b9c3696e683b2646> /private/var/containers/Bundle/Application/0F59523E-4D7C-44B5-8D15-103144B915BD/WeMeetApp.app/Frameworks/screen_share_module.framework/screen_share_module
0x112368000 - 0x112384000 handsup_module arm64 <2f8209bfa2153311b9c3696e683b2646> /private/var/containers/Bundle/Application/0F59523E-4D7C-44B5-8D15-103144B915BD/WeMeetApp.app/Frameworks/handsup_module.framework/handsup_module
0x1125d4000 - 0x11268c000 settings_module arm64 <2f8209bfa2153311b9c3696e683b2646> /private/var/containers/Bundle/Application/0F59523E-4D7C-44B5-8D15-103144B915BD/WeMeetApp.app/Frameworks/settings_module.framework/settings_module
0x1123e4000 - 0x112400000 misc_module arm64 <2f8209bfa2153311b9c3696e683b2646> /private/var/containers/Bundle/Application/0F59523E-4D7C-44B5-8D15-103144B915BD/WeMeetApp.app/Frameworks/misc_module.framework/misc_module
0x1127d0000 - 0x1127ec000 emoji_module arm64 <2f8209bfa2153311b9c3696e683b2646> /private/var/containers/Bundle/Application/0F59523E-4D7C-44B5-8D15-103144B915BD/WeMeetApp.app/Frameworks/emoji_module.framework/emoji_module
0x1128fc000 - 0x112984000 login_module arm64 <2f8209bfa2153311b9c3696e683b2646> /private/var/containers/Bundle/Application/0F59523E-4D7C-44B5-8D15-103144B915BD/WeMeetApp.app/Frameworks/login_module.framework/login_module
0x112834000 - 0x112864000 quick_meeting_module arm64 <2f8209bfa2153311b9c3696e683b2646> /private/var/containers/Bundle/Application/0F59523E-4D7C-44B5-8D15-103144B915BD/WeMeetApp.app/Frameworks/quick_meeting_module.framework/quick_meeting_module
0x112ac0000 - 0x112ae0000 member_module arm64 <2f8209bfa2153311b9c3696e683b2646> /private/var/containers/Bundle/Application/0F59523E-4D7C-44B5-8D15-103144B915BD/WeMeetApp.app/Frameworks/member_module.framework/member_module
0x112b38000 - 0x112b78000 join_meeting_module arm64 <2f8209bfa2153311b9c3696e683b2646> /private/var/containers/Bundle/Application/0F59523E-4D7C-44B5-8D15-103144B915BD/WeMeetApp.app/Frameworks/join_meeting_module.framework/join_meeting_module
0x112c20000 - 0x112c4c000 rooms_meeting_module arm64 <2f8209bfa2153311b9c3696e683b2646> /private/var/containers/Bundle/Application/0F59523E-4D7C-44B5-8D15-103144B915BD/WeMeetApp.app/Frameworks/rooms_meeting_module.framework/rooms_meeting_module
0x112cd0000 - 0x112d1c000 UIVoteModule arm64 <2f8209bfa2153311b9c3696e683b2646> /private/var/containers/Bundle/Application/0F59523E-4D7C-44B5-8D15-103144B915BD/WeMeetApp.app/Frameworks/UIVoteModule.framework/UIVoteModule
0x112d78000 - 0x112db8000 meeting_live_module arm64 <2f8209bfa2153311b9c3696e683b2646> /private/var/containers/Bundle/Application/0F59523E-4D7C-44B5-8D15-103144B915BD/WeMeetApp.app/Frameworks/meeting_live_module.framework/meeting_live_module
0x112e5c000 - 0x112e78000 invite_module arm64 <2f8209bfa2153311b9c3696e683b2646> /private/var/containers/Bundle/Application/0F59523E-4D7C-44B5-8D15-103144B915BD/WeMeetApp.app/Frameworks/invite_module.framework/invite_module
0x112ecc000 - 0x112f18000 record_module arm64 <2f8209bfa2153311b9c3696e683b2646> /private/var/containers/Bundle/Application/0F59523E-4D7C-44B5-8D15-103144B915BD/WeMeetApp.app/Frameworks/record_module.framework/record_module
0x112fc8000 - 0x113014000 red_packet_module arm64 <2f8209bfa2153311b9c3696e683b2646> /private/var/containers/Bundle/Application/0F59523E-4D7C-44B5-8D15-103144B915BD/WeMeetApp.app/Frameworks/red_packet_module.framework/red_packet_module
0x188b57000 - 0x188b70000 libCGInterfaces.dylib arm64 <2f8209bfa2153311b9c3696e683b2646> /System/Library/Frameworks/Accelerate.framework/Frameworks/vImage.framework/Libraries/libCGInterfaces.dylib
0x1a8c3c000 - 0x1a8e77000 RawCamera arm64 <2f8209bfa2153311b9c3696e683b2646> /System/Library/CoreServices/RawCamera.bundle/RawCamera
0x1cd5e3000 - 0x1cd6e5000 AGXMetalA9 arm64 <2f8209bfa2153311b9c3696e683b2646> /System/Library/Extensions/AGXMetalA9.bundle/AGXMetalA9
0x1c069b000 - 0x1c06ba000 IOGPU arm64 <2f8209bfa2153311b9c3696e683b2646> /System/Library/PrivateFrameworks/IOGPU.framework/IOGPU
0x18ef42000 - 0x18ef8d000 TextInputUI arm64 <2f8209bfa2153311b9c3696e683b2646> /System/Library/PrivateFrameworks/TextInputUI.framework/TextInputUI
0x1bfcd3000 - 0x1bfcd4000 libmetal_timestamp.dylib arm64 <2f8209bfa2153311b9c3696e683b2646> /System/Library/PrivateFrameworks/GPUCompiler.framework/Libraries/libmetal_timestamp.dylib
0x1b5c8e000 - 0x1b5d9f000 libEmbeddedSystemAUs.dylib arm64 <2f8209bfa2153311b9c3696e683b2646> /System/Library/Frameworks/AudioToolbox.framework/libEmbeddedSystemAUs.dylib
0x1af601000 - 0x1afb21000 libAudioDSP.dylib arm64 <2f8209bfa2153311b9c3696e683b2646> /System/Library/Frameworks/AudioToolbox.framework/libAudioDSP.dylib
0x1915db000 - 0x1917ff000 HealthKit arm64 <2f8209bfa2153311b9c3696e683b2646> /System/Library/Frameworks/HealthKit.framework/HealthKit
0x1b469d000 - 0x1b46b1000 PersonalAudio arm64 <2f8209bfa2153311b9c3696e683b2646> /System/Library/PrivateFrameworks/PersonalAudio.framework/PersonalAudio
0x1afb21000 - 0x1afb2c000 AudioDataAnalysis arm64 <2f8209bfa2153311b9c3696e683b2646> /System/Library/PrivateFrameworks/AudioDataAnalysis.framework/AudioDataAnalysis
0x1ccd1b000 - 0x1ccd44000 libxslt.1.dylib arm64 <2f8209bfa2153311b9c3696e683b2646> /usr/lib/libxslt.1.dylib
0x1a65b7000 - 0x1a65c1000 HearingCore arm64 <2f8209bfa2153311b9c3696e683b2646> /System/Library/PrivateFrameworks/HearingCore.framework/HearingCore
0x1a7e9c000 - 0x1a83ab000 AudioCodecs arm64 <2f8209bfa2153311b9c3696e683b2646> /System/Library/Frameworks/AudioToolbox.framework/AudioCodecs
0x1cb7c2000 - 0x1cb82e000 libAudioIssueDetector.dylib arm64 <2f8209bfa2153311b9c3696e683b2646> /usr/lib/libAudioIssueDetector.dylib
0x1bfe01000 - 0x1bfe13000 HAENotifications arm64 <2f8209bfa2153311b9c3696e683b2646> /System/Library/PrivateFrameworks/HAENotifications.framework/HAENotifications
0x1cbcac000 - 0x1cbcb4000 libIOAccessoryManager.dylib arm64 <2f8209bfa2153311b9c3696e683b2646> /usr/lib/libIOAccessoryManager.dylib
0x1cd763000 - 0x1cd776000 IOHIDLib arm64 <2f8209bfa2153311b9c3696e683b2646> /System/Library/Extensions/IOHIDFamily.kext/PlugIns/IOHIDLib.plugin/IOHIDLib
0x102aa4000 - 0x102b10000 dyld arm64 <2f8209bfa2153311b9c3696e683b2646> /usr/lib/dyld
